This file contains any messages produced by compilers while
running configure, to aid debugging if configure makes a mistake.

It was created by tesseract configure 3.02.02, which was
generated by GNU Autoconf 2.69.  Invocation command line was

  $ ./configure 

## --------- ##
## Platform. ##
## --------- ##

hostname = dimuthu-H61M-DS2
uname -m = x86_64
uname -r = 2.6.38-8-generic
uname -s = Linux
uname -v = #42-Ubuntu SMP Mon Apr 11 03:31:24 UTC 2011

/usr/bin/uname -p = unknown
/bin/uname -X     = unknown

/bin/arch              = unknown
/usr/bin/arch -k       = unknown
/usr/convex/getsysinfo = unknown
/usr/bin/hostinfo      = unknown
/bin/machine           = unknown
/usr/bin/oslevel       = unknown
/bin/universe          = unknown

PATH: /usr/local/sbin
PATH: /usr/local/bin
PATH: /usr/sbin
PATH: /usr/bin
PATH: /sbin
PATH: /bin
PATH: /usr/games


## ----------- ##
## Core tests. ##
## ----------- ##

configure:2721: checking build system type
configure:2735: result: x86_64-unknown-linux-gnu
configure:2755: checking host system type
configure:2768: result: x86_64-unknown-linux-gnu
configure:2837: checking --enable-graphics argument
configure:2846: result: yes
configure:2863: checking --enable-embedded argument
configure:2872: result: no
configure:2890: checking --enable-visibility argument
configure:2899: result: no
configure:2911: checking --enable-multiple-libraries argument
configure:2920: result: no
configure:2932: checking whether to use tessdata-prefix
configure:2941: result: yes
configure:2953: checking whether to enable debugging
configure:2962: result: no
configure:3076: checking for cl.exe
configure:3106: result: no
configure:3076: checking for g++
configure:3092: found /usr/bin/g++
configure:3103: result: g++
configure:3130: checking for C++ compiler version
configure:3139: g++ --version >&5
g++ (Ubuntu/Linaro 4.5.2-8ubuntu4) 4.5.2
Copyright (C) 2010 Free Software Foundation, Inc.
This is free software; see the source for copying conditions.  There is NO
warranty; not even for MERCHANTABILITY or FITNESS FOR A PARTICULAR PURPOSE.

configure:3150: $? = 0
configure:3139: g++ -v >&5
Using built-in specs.
COLLECT_GCC=g++
COLLECT_LTO_WRAPPER=/usr/lib/x86_64-linux-gnu/gcc/x86_64-linux-gnu/4.5.2/lto-wrapper
Target: x86_64-linux-gnu
Configured with: ../src/configure -v --with-pkgversion='Ubuntu/Linaro 4.5.2-8ubuntu4' --with-bugurl=file:///usr/share/doc/gcc-4.5/README.Bugs --enable-languages=c,c++,fortran,objc,obj-c++ --prefix=/usr --program-suffix=-4.5 --enable-shared --enable-multiarch --with-multiarch-defaults=x86_64-linux-gnu --enable-linker-build-id --with-system-zlib --libexecdir=/usr/lib/x86_64-linux-gnu --without-included-gettext --enable-threads=posix --with-gxx-include-dir=/usr/include/c++/4.5 --libdir=/usr/lib/x86_64-linux-gnu --enable-nls --with-sysroot=/ --enable-clocale=gnu --enable-libstdcxx-debug --enable-libstdcxx-time=yes --enable-plugin --enable-gold --enable-ld=default --with-plugin-ld=ld.gold --enable-objc-gc --disable-werror --with-arch-32=i686 --with-tune=generic --enable-checking=release --build=x86_64-linux-gnu --host=x86_64-linux-gnu --target=x86_64-linux-gnu
Thread model: posix
gcc version 4.5.2 (Ubuntu/Linaro 4.5.2-8ubuntu4) 
configure:3150: $? = 0
configure:3139: g++ -V >&5
g++: '-V' option must have argument
configure:3150: $? = 1
configure:3139: g++ -qversion >&5
g++: unrecognized option '-qversion'
g++: no input files
configure:3150: $? = 1
configure:3170: checking whether the C++ compiler works
configure:3192: g++   -L/home/dimuthu/Tesseract-API/src/main/resources/linux/libs conftest.cpp -llepta >&5
configure:3196: $? = 0
configure:3244: result: yes
configure:3247: checking for C++ compiler default output file name
configure:3249: result: a.out
configure:3255: checking for suffix of executables
configure:3262: g++ -o conftest   -L/home/dimuthu/Tesseract-API/src/main/resources/linux/libs conftest.cpp -llepta >&5
configure:3266: $? = 0
configure:3288: result: 
configure:3310: checking whether we are cross compiling
configure:3318: g++ -o conftest   -L/home/dimuthu/Tesseract-API/src/main/resources/linux/libs conftest.cpp -llepta >&5
configure:3322: $? = 0
configure:3329: ./conftest
configure:3333: $? = 0
configure:3348: result: no
configure:3353: checking for suffix of object files
configure:3375: g++ -c   conftest.cpp >&5
configure:3379: $? = 0
configure:3400: result: o
configure:3404: checking whether we are using the GNU C++ compiler
configure:3423: g++ -c   conftest.cpp >&5
configure:3423: $? = 0
configure:3432: result: yes
configure:3441: checking whether g++ accepts -g
configure:3461: g++ -c -g  conftest.cpp >&5
configure:3461: $? = 0
configure:3502: result: yes
configure:3574: checking how to print strings
configure:3601: result: printf
configure:3673: checking for gcc
configure:3689: found /usr/bin/gcc
configure:3700: result: gcc
configure:3929: checking for C compiler version
configure:3938: gcc --version >&5
gcc (Ubuntu/Linaro 4.5.2-8ubuntu4) 4.5.2
Copyright (C) 2010 Free Software Foundation, Inc.
This is free software; see the source for copying conditions.  There is NO
warranty; not even for MERCHANTABILITY or FITNESS FOR A PARTICULAR PURPOSE.

configure:3949: $? = 0
configure:3938: gcc -v >&5
Using built-in specs.
COLLECT_GCC=gcc
COLLECT_LTO_WRAPPER=/usr/lib/x86_64-linux-gnu/gcc/x86_64-linux-gnu/4.5.2/lto-wrapper
Target: x86_64-linux-gnu
Configured with: ../src/configure -v --with-pkgversion='Ubuntu/Linaro 4.5.2-8ubuntu4' --with-bugurl=file:///usr/share/doc/gcc-4.5/README.Bugs --enable-languages=c,c++,fortran,objc,obj-c++ --prefix=/usr --program-suffix=-4.5 --enable-shared --enable-multiarch --with-multiarch-defaults=x86_64-linux-gnu --enable-linker-build-id --with-system-zlib --libexecdir=/usr/lib/x86_64-linux-gnu --without-included-gettext --enable-threads=posix --with-gxx-include-dir=/usr/include/c++/4.5 --libdir=/usr/lib/x86_64-linux-gnu --enable-nls --with-sysroot=/ --enable-clocale=gnu --enable-libstdcxx-debug --enable-libstdcxx-time=yes --enable-plugin --enable-gold --enable-ld=default --with-plugin-ld=ld.gold --enable-objc-gc --disable-werror --with-arch-32=i686 --with-tune=generic --enable-checking=release --build=x86_64-linux-gnu --host=x86_64-linux-gnu --target=x86_64-linux-gnu
Thread model: posix
gcc version 4.5.2 (Ubuntu/Linaro 4.5.2-8ubuntu4) 
configure:3949: $? = 0
configure:3938: gcc -V >&5
gcc: '-V' option must have argument
configure:3949: $? = 1
configure:3938: gcc -qversion >&5
gcc: unrecognized option '-qversion'
gcc: no input files
configure:3949: $? = 1
configure:3953: checking whether we are using the GNU C compiler
configure:3972: gcc -c   conftest.c >&5
configure:3972: $? = 0
configure:3981: result: yes
configure:3990: checking whether gcc accepts -g
configure:4010: gcc -c -g  conftest.c >&5
configure:4010: $? = 0
configure:4051: result: yes
configure:4068: checking for gcc option to accept ISO C89
configure:4131: gcc  -c -g -O2  conftest.c >&5
configure:4131: $? = 0
configure:4144: result: none needed
configure:4169: checking whether gcc understands -c and -o together
configure:4191: gcc -c conftest.c -o conftest2.o
configure:4194: $? = 0
configure:4191: gcc -c conftest.c -o conftest2.o
configure:4194: $? = 0
configure:4206: result: yes
configure:4223: checking for a sed that does not truncate output
configure:4287: result: /bin/sed
configure:4305: checking for grep that handles long lines and -e
configure:4363: result: /bin/grep
configure:4368: checking for egrep
configure:4430: result: /bin/grep -E
configure:4435: checking for fgrep
configure:4497: result: /bin/grep -F
configure:4532: checking for ld used by gcc
configure:4599: result: /usr/bin/ld
configure:4606: checking if the linker (/usr/bin/ld) is GNU ld
configure:4621: result: yes
configure:4633: checking for BSD- or MS-compatible name lister (nm)
configure:4682: result: /usr/bin/nm -B
configure:4812: checking the name lister (/usr/bin/nm -B) interface
configure:4819: gcc -c -g -O2  conftest.c >&5
configure:4822: /usr/bin/nm -B "conftest.o"
configure:4825: output
0000000000000000 B some_variable
configure:4832: result: BSD nm
configure:4835: checking whether ln -s works
configure:4839: result: yes
configure:4847: checking the maximum length of command line arguments
configure:4977: result: 1572864
configure:4994: checking whether the shell understands some XSI constructs
configure:5004: result: yes
configure:5008: checking whether the shell understands "+="
configure:5014: result: yes
configure:5049: checking how to convert x86_64-unknown-linux-gnu file names to x86_64-unknown-linux-gnu format
configure:5089: result: func_convert_file_noop
configure:5096: checking how to convert x86_64-unknown-linux-gnu file names to toolchain format
configure:5116: result: func_convert_file_noop
configure:5123: checking for /usr/bin/ld option to reload object files
configure:5130: result: -r
configure:5204: checking for objdump
configure:5220: found /usr/bin/objdump
configure:5231: result: objdump
configure:5263: checking how to recognize dependent libraries
configure:5465: result: pass_all
configure:5550: checking for dlltool
configure:5580: result: no
configure:5610: checking how to associate runtime and link libraries
configure:5637: result: printf %s\n
configure:5698: checking for ar
configure:5714: found /usr/bin/ar
configure:5725: result: ar
configure:5762: checking for archiver @FILE support
configure:5779: gcc -c -g -O2  conftest.c >&5
configure:5779: $? = 0
configure:5782: ar cru libconftest.a @conftest.lst >&5
configure:5785: $? = 0
configure:5790: ar cru libconftest.a @conftest.lst >&5
ar: conftest.o: No such file or directory
configure:5793: $? = 1
configure:5805: result: @
configure:5863: checking for strip
configure:5879: found /usr/bin/strip
configure:5890: result: strip
configure:5962: checking for ranlib
configure:5978: found /usr/bin/ranlib
configure:5989: result: ranlib
configure:6066: checking for gawk
configure:6096: result: no
configure:6066: checking for mawk
configure:6082: found /usr/bin/mawk
configure:6093: result: mawk
configure:6133: checking command to parse /usr/bin/nm -B output from gcc object
configure:6253: gcc -c -g -O2  conftest.c >&5
configure:6256: $? = 0
configure:6260: /usr/bin/nm -B conftest.o \| sed -n -e 's/^.*[ ]\([ABCDGIRSTW][ABCDGIRSTW]*\)[ ][ ]*\([_A-Za-z][_A-Za-z0-9]*\)$/\1 \2 \2/p' | sed '/ __gnu_lto/d' \> conftest.nm
configure:6263: $? = 0
configure:6329: gcc -o conftest -g -O2  -L/home/dimuthu/Tesseract-API/src/main/resources/linux/libs conftest.c conftstm.o >&5
configure:6332: $? = 0
configure:6370: result: ok
configure:6407: checking for sysroot
configure:6437: result: no
configure:6514: gcc -c -g -O2  conftest.c >&5
configure:6517: $? = 0
configure:6693: checking for mt
configure:6709: found /bin/mt
configure:6720: result: mt
configure:6743: checking if mt is a manifest tool
configure:6749: mt '-?'
configure:6757: result: no
configure:7399: checking how to run the C preprocessor
configure:7430: gcc -E  conftest.c
configure:7430: $? = 0
configure:7444: gcc -E  conftest.c
conftest.c:13:28: fatal error: ac_nonexistent.h: No such file or directory
compilation terminated.
configure:7444: $? = 1
configure: failed program was:
| /* confdefs.h */
| #define PACKAGE_NAME "tesseract"
| #define PACKAGE_TARNAME "tesseract"
| #define PACKAGE_VERSION "3.02.02"
| #define PACKAGE_STRING "tesseract 3.02.02"
| #define PACKAGE_BUGREPORT "http://code.google.com/p/tesseract-ocr/issues/list"
| #define PACKAGE_URL ""
| #define PACKAGE_NAME "tesseract"
| #define PACKAGE_VERSION "3.02.02"
| #define PACKAGE_YEAR "2012"
| #define PACKAGE_DATE "10/23"
| /* end confdefs.h.  */
| #include <ac_nonexistent.h>
configure:7469: result: gcc -E
configure:7489: gcc -E  conftest.c
configure:7489: $? = 0
configure:7503: gcc -E  conftest.c
conftest.c:13:28: fatal error: ac_nonexistent.h: No such file or directory
compilation terminated.
configure:7503: $? = 1
configure: failed program was:
| /* confdefs.h */
| #define PACKAGE_NAME "tesseract"
| #define PACKAGE_TARNAME "tesseract"
| #define PACKAGE_VERSION "3.02.02"
| #define PACKAGE_STRING "tesseract 3.02.02"
| #define PACKAGE_BUGREPORT "http://code.google.com/p/tesseract-ocr/issues/list"
| #define PACKAGE_URL ""
| #define PACKAGE_NAME "tesseract"
| #define PACKAGE_VERSION "3.02.02"
| #define PACKAGE_YEAR "2012"
| #define PACKAGE_DATE "10/23"
| /* end confdefs.h.  */
| #include <ac_nonexistent.h>
configure:7532: checking for ANSI C header files
configure:7552: gcc -c -g -O2  conftest.c >&5
configure:7552: $? = 0
configure:7625: gcc -o conftest -g -O2  -L/home/dimuthu/Tesseract-API/src/main/resources/linux/libs conftest.c -llepta >&5
configure:7625: $? = 0
configure:7625: ./conftest
configure:7625: $? = 0
configure:7636: result: yes
configure:7649: checking for sys/types.h
configure:7649: gcc -c -g -O2  conftest.c >&5
configure:7649: $? = 0
configure:7649: result: yes
configure:7649: checking for sys/stat.h
configure:7649: gcc -c -g -O2  conftest.c >&5
configure:7649: $? = 0
configure:7649: result: yes
configure:7649: checking for stdlib.h
configure:7649: gcc -c -g -O2  conftest.c >&5
configure:7649: $? = 0
configure:7649: result: yes
configure:7649: checking for string.h
configure:7649: gcc -c -g -O2  conftest.c >&5
configure:7649: $? = 0
configure:7649: result: yes
configure:7649: checking for memory.h
configure:7649: gcc -c -g -O2  conftest.c >&5
configure:7649: $? = 0
configure:7649: result: yes
configure:7649: checking for strings.h
configure:7649: gcc -c -g -O2  conftest.c >&5
configure:7649: $? = 0
configure:7649: result: yes
configure:7649: checking for inttypes.h
configure:7649: gcc -c -g -O2  conftest.c >&5
configure:7649: $? = 0
configure:7649: result: yes
configure:7649: checking for stdint.h
configure:7649: gcc -c -g -O2  conftest.c >&5
configure:7649: $? = 0
configure:7649: result: yes
configure:7649: checking for unistd.h
configure:7649: gcc -c -g -O2  conftest.c >&5
configure:7649: $? = 0
configure:7649: result: yes
configure:7663: checking for dlfcn.h
configure:7663: gcc -c -g -O2  conftest.c >&5
configure:7663: $? = 0
configure:7663: result: yes
configure:7880: checking for objdir
configure:7895: result: .libs
configure:8166: checking if gcc supports -fno-rtti -fno-exceptions
configure:8184: gcc -c -g -O2  -fno-rtti -fno-exceptions conftest.c >&5
cc1: warning: command line option "-fno-rtti" is valid for C++/ObjC++ but not for C
configure:8188: $? = 0
configure:8201: result: no
configure:8528: checking for gcc option to produce PIC
configure:8535: result: -fPIC -DPIC
configure:8543: checking if gcc PIC flag -fPIC -DPIC works
configure:8561: gcc -c -g -O2  -fPIC -DPIC -DPIC conftest.c >&5
configure:8565: $? = 0
configure:8578: result: yes
configure:8607: checking if gcc static flag -static works
configure:8635: result: yes
configure:8650: checking if gcc supports -c -o file.o
configure:8671: gcc -c -g -O2  -o out/conftest2.o conftest.c >&5
configure:8675: $? = 0
configure:8697: result: yes
configure:8705: checking if gcc supports -c -o file.o
configure:8752: result: yes
configure:8785: checking whether the gcc linker (/usr/bin/ld -m elf_x86_64) supports shared libraries
configure:9938: result: yes
configure:9975: checking whether -lc should be explicitly linked in
configure:9983: gcc -c -g -O2  conftest.c >&5
configure:9986: $? = 0
configure:10001: gcc -shared  -fPIC -DPIC conftest.o  -v -Wl,-soname -Wl,conftest -o conftest 2\>\&1 \| /bin/grep  -lc  \>/dev/null 2\>\&1
configure:10004: $? = 0
configure:10018: result: no
configure:10178: checking dynamic linker characteristics
configure:10689: gcc -o conftest -g -O2  -L/home/dimuthu/Tesseract-API/src/main/resources/linux/libs -Wl,-rpath -Wl,/foo conftest.c -llepta >&5
configure:10689: $? = 0
configure:10911: result: GNU/Linux ld.so
configure:11018: checking how to hardcode library paths into programs
configure:11043: result: immediate
configure:11583: checking whether stripping libraries is possible
configure:11588: result: yes
configure:11623: checking if libtool supports shared libraries
configure:11625: result: yes
configure:11628: checking whether to build shared libraries
configure:11649: result: yes
configure:11652: checking whether to build static libraries
configure:11656: result: yes
configure:11679: checking how to run the C++ preprocessor
configure:11706: g++ -E  conftest.cpp
configure:11706: $? = 0
configure:11720: g++ -E  conftest.cpp
conftest.cpp:25:28: fatal error: ac_nonexistent.h: No such file or directory
compilation terminated.
configure:11720: $? = 1
configure: failed program was:
| /* confdefs.h */
| #define PACKAGE_NAME "tesseract"
| #define PACKAGE_TARNAME "tesseract"
| #define PACKAGE_VERSION "3.02.02"
| #define PACKAGE_STRING "tesseract 3.02.02"
| #define PACKAGE_BUGREPORT "http://code.google.com/p/tesseract-ocr/issues/list"
| #define PACKAGE_URL ""
| #define PACKAGE_NAME "tesseract"
| #define PACKAGE_VERSION "3.02.02"
| #define PACKAGE_YEAR "2012"
| #define PACKAGE_DATE "10/23"
| #define STDC_HEADERS 1
| #define HAVE_SYS_TYPES_H 1
| #define HAVE_SYS_STAT_H 1
| #define HAVE_STDLIB_H 1
| #define HAVE_STRING_H 1
| #define HAVE_MEMORY_H 1
| #define HAVE_STRINGS_H 1
| #define HAVE_INTTYPES_H 1
| #define HAVE_STDINT_H 1
| #define HAVE_UNISTD_H 1
| #define HAVE_DLFCN_H 1
| #define LT_OBJDIR ".libs/"
| /* end confdefs.h.  */
| #include <ac_nonexistent.h>
configure:11745: result: g++ -E
configure:11765: g++ -E  conftest.cpp
configure:11765: $? = 0
configure:11779: g++ -E  conftest.cpp
conftest.cpp:25:28: fatal error: ac_nonexistent.h: No such file or directory
compilation terminated.
configure:11779: $? = 1
configure: failed program was:
| /* confdefs.h */
| #define PACKAGE_NAME "tesseract"
| #define PACKAGE_TARNAME "tesseract"
| #define PACKAGE_VERSION "3.02.02"
| #define PACKAGE_STRING "tesseract 3.02.02"
| #define PACKAGE_BUGREPORT "http://code.google.com/p/tesseract-ocr/issues/list"
| #define PACKAGE_URL ""
| #define PACKAGE_NAME "tesseract"
| #define PACKAGE_VERSION "3.02.02"
| #define PACKAGE_YEAR "2012"
| #define PACKAGE_DATE "10/23"
| #define STDC_HEADERS 1
| #define HAVE_SYS_TYPES_H 1
| #define HAVE_SYS_STAT_H 1
| #define HAVE_STDLIB_H 1
| #define HAVE_STRING_H 1
| #define HAVE_MEMORY_H 1
| #define HAVE_STRINGS_H 1
| #define HAVE_INTTYPES_H 1
| #define HAVE_STDINT_H 1
| #define HAVE_UNISTD_H 1
| #define HAVE_DLFCN_H 1
| #define LT_OBJDIR ".libs/"
| /* end confdefs.h.  */
| #include <ac_nonexistent.h>
configure:11948: checking for ld used by g++
configure:12015: result: /usr/bin/ld -m elf_x86_64
configure:12022: checking if the linker (/usr/bin/ld -m elf_x86_64) is GNU ld
configure:12037: result: yes
configure:12092: checking whether the g++ linker (/usr/bin/ld -m elf_x86_64) supports shared libraries
configure:13097: result: yes
configure:13133: g++ -c -g -O2  conftest.cpp >&5
configure:13136: $? = 0
configure:13656: checking for g++ option to produce PIC
configure:13663: result: -fPIC -DPIC
configure:13671: checking if g++ PIC flag -fPIC -DPIC works
configure:13689: g++ -c -g -O2  -fPIC -DPIC -DPIC conftest.cpp >&5
configure:13693: $? = 0
configure:13706: result: yes
configure:13729: checking if g++ static flag -static works
configure:13757: result: yes
configure:13769: checking if g++ supports -c -o file.o
configure:13790: g++ -c -g -O2  -o out/conftest2.o conftest.cpp >&5
configure:13794: $? = 0
configure:13816: result: yes
configure:13821: checking if g++ supports -c -o file.o
configure:13868: result: yes
configure:13898: checking whether the g++ linker (/usr/bin/ld -m elf_x86_64) supports shared libraries
configure:13934: result: yes
configure:14075: checking dynamic linker characteristics
configure:14742: result: GNU/Linux ld.so
configure:14795: checking how to hardcode library paths into programs
configure:14820: result: immediate
configure:14906: checking for a BSD-compatible install
configure:14974: result: /usr/bin/install -c
configure:14985: checking whether build environment is sane
configure:15040: result: yes
configure:15075: WARNING: 'missing' script is too old or missing
configure:15188: checking for a thread-safe mkdir -p
configure:15227: result: /bin/mkdir -p
configure:15230: checking whether make sets $(MAKE)
configure:15252: result: yes
configure:15282: checking for style of include used by make
configure:15310: result: GNU
configure:15344: checking whether make supports nested variables
configure:15361: result: yes
configure:15446: checking dependency style of gcc
configure:15557: result: gcc3
configure:15574: checking dependency style of g++
configure:15685: result: gcc3
configure:15746: checking whether to enable maintainer-specific portions of Makefiles
configure:15755: result: no
configure:15784: checking whether byte ordering is bigendian
configure:15799: gcc -c -g -O2  conftest.c >&5
conftest.c:28:13: error: expected '=', ',', ';', 'asm' or '__attribute__' before 'a'
configure:15799: $? = 1
configure: failed program was:
| /* confdefs.h */
| #define PACKAGE_NAME "tesseract"
| #define PACKAGE_TARNAME "tesseract"
| #define PACKAGE_VERSION "3.02.02"
| #define PACKAGE_STRING "tesseract 3.02.02"
| #define PACKAGE_BUGREPORT "http://code.google.com/p/tesseract-ocr/issues/list"
| #define PACKAGE_URL ""
| #define PACKAGE_NAME "tesseract"
| #define PACKAGE_VERSION "3.02.02"
| #define PACKAGE_YEAR "2012"
| #define PACKAGE_DATE "10/23"
| #define STDC_HEADERS 1
| #define HAVE_SYS_TYPES_H 1
| #define HAVE_SYS_STAT_H 1
| #define HAVE_STDLIB_H 1
| #define HAVE_STRING_H 1
| #define HAVE_MEMORY_H 1
| #define HAVE_STRINGS_H 1
| #define HAVE_INTTYPES_H 1
| #define HAVE_STDINT_H 1
| #define HAVE_UNISTD_H 1
| #define HAVE_DLFCN_H 1
| #define LT_OBJDIR ".libs/"
| #define PACKAGE "tesseract"
| #define VERSION "3.02.02"
| /* end confdefs.h.  */
| #ifndef __APPLE_CC__
| 	       not a universal capable compiler
| 	     #endif
| 	     typedef int dummy;
| 
configure:15844: gcc -c -g -O2  conftest.c >&5
configure:15844: $? = 0
configure:15862: gcc -c -g -O2  conftest.c >&5
conftest.c: In function 'main':
conftest.c:34:4: error: 'not' undeclared (first use in this function)
conftest.c:34:4: note: each undeclared identifier is reported only once for each function it appears in
conftest.c:34:8: error: expected ';' before 'big'
configure:15862: $? = 1
configure: failed program was:
| /* confdefs.h */
| #define PACKAGE_NAME "tesseract"
| #define PACKAGE_TARNAME "tesseract"
| #define PACKAGE_VERSION "3.02.02"
| #define PACKAGE_STRING "tesseract 3.02.02"
| #define PACKAGE_BUGREPORT "http://code.google.com/p/tesseract-ocr/issues/list"
| #define PACKAGE_URL ""
| #define PACKAGE_NAME "tesseract"
| #define PACKAGE_VERSION "3.02.02"
| #define PACKAGE_YEAR "2012"
| #define PACKAGE_DATE "10/23"
| #define STDC_HEADERS 1
| #define HAVE_SYS_TYPES_H 1
| #define HAVE_SYS_STAT_H 1
| #define HAVE_STDLIB_H 1
| #define HAVE_STRING_H 1
| #define HAVE_MEMORY_H 1
| #define HAVE_STRINGS_H 1
| #define HAVE_INTTYPES_H 1
| #define HAVE_STDINT_H 1
| #define HAVE_UNISTD_H 1
| #define HAVE_DLFCN_H 1
| #define LT_OBJDIR ".libs/"
| #define PACKAGE "tesseract"
| #define VERSION "3.02.02"
| /* end confdefs.h.  */
| #include <sys/types.h>
| 		#include <sys/param.h>
| 
| int
| main ()
| {
| #if BYTE_ORDER != BIG_ENDIAN
| 		 not big endian
| 		#endif
| 
|   ;
|   return 0;
| }
configure:15990: result: no
configure:16121: checking for library containing sem_init
configure:16152: g++ -o conftest -g -O2  -L/home/dimuthu/Tesseract-API/src/main/resources/linux/libs conftest.cpp -llepta >&5
/tmp/cckwdf1u.o: In function `main':
/home/dimuthu/Tesseract-API/src/main/native/src/tesseract/src/conftest.cpp:38: undefined reference to `sem_init'
collect2: ld returned 1 exit status
configure:16152: $? = 1
configure: failed program was:
| /* confdefs.h */
| #define PACKAGE_NAME "tesseract"
| #define PACKAGE_TARNAME "tesseract"
| #define PACKAGE_VERSION "3.02.02"
| #define PACKAGE_STRING "tesseract 3.02.02"
| #define PACKAGE_BUGREPORT "http://code.google.com/p/tesseract-ocr/issues/list"
| #define PACKAGE_URL ""
| #define PACKAGE_NAME "tesseract"
| #define PACKAGE_VERSION "3.02.02"
| #define PACKAGE_YEAR "2012"
| #define PACKAGE_DATE "10/23"
| #define STDC_HEADERS 1
| #define HAVE_SYS_TYPES_H 1
| #define HAVE_SYS_STAT_H 1
| #define HAVE_STDLIB_H 1
| #define HAVE_STRING_H 1
| #define HAVE_MEMORY_H 1
| #define HAVE_STRINGS_H 1
| #define HAVE_INTTYPES_H 1
| #define HAVE_STDINT_H 1
| #define HAVE_UNISTD_H 1
| #define HAVE_DLFCN_H 1
| #define LT_OBJDIR ".libs/"
| #define PACKAGE "tesseract"
| #define VERSION "3.02.02"
| /* end confdefs.h.  */
| 
| /* Override any GCC internal prototype to avoid an error.
|    Use char because int might match the return type of a GCC
|    builtin and then its argument prototype would still apply.  */
| #ifdef __cplusplus
| extern "C"
| #endif
| char sem_init ();
| int
| main ()
| {
| return sem_init ();
|   ;
|   return 0;
| }
configure:16152: g++ -o conftest -g -O2  -L/home/dimuthu/Tesseract-API/src/main/resources/linux/libs conftest.cpp -lpthread  -llepta >&5
configure:16152: $? = 0
configure:16169: result: -lpthread
configure:16184: checking for ANSI C header files
configure:16288: result: yes
configure:16296: checking whether time.h and sys/time.h may both be included
configure:16316: g++ -c -g -O2  conftest.cpp >&5
configure:16316: $? = 0
configure:16323: result: yes
configure:16331: checking for sys/wait.h that is POSIX.1 compatible
configure:16357: g++ -c -g -O2  conftest.cpp >&5
configure:16357: $? = 0
configure:16364: result: yes
configure:16375: checking sys/ipc.h usability
configure:16375: g++ -c -g -O2  conftest.cpp >&5
configure:16375: $? = 0
configure:16375: result: yes
configure:16375: checking sys/ipc.h presence
configure:16375: g++ -E  conftest.cpp
configure:16375: $? = 0
configure:16375: result: yes
configure:16375: checking for sys/ipc.h
configure:16375: result: yes
configure:16375: checking sys/shm.h usability
configure:16375: g++ -c -g -O2  conftest.cpp >&5
configure:16375: $? = 0
configure:16375: result: yes
configure:16375: checking sys/shm.h presence
configure:16375: g++ -E  conftest.cpp
configure:16375: $? = 0
configure:16375: result: yes
configure:16375: checking for sys/shm.h
configure:16375: result: yes
configure:16388: checking limits.h usability
configure:16388: g++ -c -g -O2  conftest.cpp >&5
configure:16388: $? = 0
configure:16388: result: yes
configure:16388: checking limits.h presence
configure:16388: g++ -E  conftest.cpp
configure:16388: $? = 0
configure:16388: result: yes
configure:16388: checking for limits.h
configure:16388: result: yes
configure:16388: checking malloc.h usability
configure:16388: g++ -c -g -O2  conftest.cpp >&5
configure:16388: $? = 0
configure:16388: result: yes
configure:16388: checking malloc.h presence
configure:16388: g++ -E  conftest.cpp
configure:16388: $? = 0
configure:16388: result: yes
configure:16388: checking for malloc.h
configure:16388: result: yes
configure:16400: checking allheaders.h usability
configure:16400: g++ -c -g -O2  conftest.cpp >&5
conftest.cpp:67:24: fatal error: allheaders.h: No such file or directory
compilation terminated.
configure:16400: $? = 1
configure: failed program was:
| /* confdefs.h */
| #define PACKAGE_NAME "tesseract"
| #define PACKAGE_TARNAME "tesseract"
| #define PACKAGE_VERSION "3.02.02"
| #define PACKAGE_STRING "tesseract 3.02.02"
| #define PACKAGE_BUGREPORT "http://code.google.com/p/tesseract-ocr/issues/list"
| #define PACKAGE_URL ""
| #define PACKAGE_NAME "tesseract"
| #define PACKAGE_VERSION "3.02.02"
| #define PACKAGE_YEAR "2012"
| #define PACKAGE_DATE "10/23"
| #define STDC_HEADERS 1
| #define HAVE_SYS_TYPES_H 1
| #define HAVE_SYS_STAT_H 1
| #define HAVE_STDLIB_H 1
| #define HAVE_STRING_H 1
| #define HAVE_MEMORY_H 1
| #define HAVE_STRINGS_H 1
| #define HAVE_INTTYPES_H 1
| #define HAVE_STDINT_H 1
| #define HAVE_UNISTD_H 1
| #define HAVE_DLFCN_H 1
| #define LT_OBJDIR ".libs/"
| #define PACKAGE "tesseract"
| #define VERSION "3.02.02"
| #define STDC_HEADERS 1
| #define TIME_WITH_SYS_TIME 1
| #define HAVE_SYS_WAIT_H 1
| #define HAVE_SYS_IPC_H 1
| #define HAVE_SYS_SHM_H 1
| #define HAVE_LIMITS_H 1
| #define HAVE_MALLOC_H 1
| /* end confdefs.h.  */
| #include <stdio.h>
| #ifdef HAVE_SYS_TYPES_H
| # include <sys/types.h>
| #endif
| #ifdef HAVE_SYS_STAT_H
| # include <sys/stat.h>
| #endif
| #ifdef STDC_HEADERS
| # include <stdlib.h>
| # include <stddef.h>
| #else
| # ifdef HAVE_STDLIB_H
| #  include <stdlib.h>
| # endif
| #endif
| #ifdef HAVE_STRING_H
| # if !defined STDC_HEADERS && defined HAVE_MEMORY_H
| #  include <memory.h>
| # endif
| # include <string.h>
| #endif
| #ifdef HAVE_STRINGS_H
| # include <strings.h>
| #endif
| #ifdef HAVE_INTTYPES_H
| # include <inttypes.h>
| #endif
| #ifdef HAVE_STDINT_H
| # include <stdint.h>
| #endif
| #ifdef HAVE_UNISTD_H
| # include <unistd.h>
| #endif
| #include <allheaders.h>
configure:16400: result: no
configure:16400: checking allheaders.h presence
configure:16400: g++ -E  conftest.cpp
conftest.cpp:34:24: fatal error: allheaders.h: No such file or directory
compilation terminated.
configure:16400: $? = 1
configure: failed program was:
| /* confdefs.h */
| #define PACKAGE_NAME "tesseract"
| #define PACKAGE_TARNAME "tesseract"
| #define PACKAGE_VERSION "3.02.02"
| #define PACKAGE_STRING "tesseract 3.02.02"
| #define PACKAGE_BUGREPORT "http://code.google.com/p/tesseract-ocr/issues/list"
| #define PACKAGE_URL ""
| #define PACKAGE_NAME "tesseract"
| #define PACKAGE_VERSION "3.02.02"
| #define PACKAGE_YEAR "2012"
| #define PACKAGE_DATE "10/23"
| #define STDC_HEADERS 1
| #define HAVE_SYS_TYPES_H 1
| #define HAVE_SYS_STAT_H 1
| #define HAVE_STDLIB_H 1
| #define HAVE_STRING_H 1
| #define HAVE_MEMORY_H 1
| #define HAVE_STRINGS_H 1
| #define HAVE_INTTYPES_H 1
| #define HAVE_STDINT_H 1
| #define HAVE_UNISTD_H 1
| #define HAVE_DLFCN_H 1
| #define LT_OBJDIR ".libs/"
| #define PACKAGE "tesseract"
| #define VERSION "3.02.02"
| #define STDC_HEADERS 1
| #define TIME_WITH_SYS_TIME 1
| #define HAVE_SYS_WAIT_H 1
| #define HAVE_SYS_IPC_H 1
| #define HAVE_SYS_SHM_H 1
| #define HAVE_LIMITS_H 1
| #define HAVE_MALLOC_H 1
| /* end confdefs.h.  */
| #include <allheaders.h>
configure:16400: result: no
configure:16400: checking for allheaders.h
configure:16400: result: no
configure:16411: checking for stdbool.h that conforms to C99
configure:16478: g++ -c -g -O2  conftest.cpp >&5
configure:16478: $? = 0
configure:16485: result: yes
configure:16487: checking for _Bool
configure:16487: g++ -c -g -O2  conftest.cpp >&5
conftest.cpp: In function 'int main()':
conftest.cpp:70:13: error: '_Bool' was not declared in this scope
configure:16487: $? = 1
configure: failed program was:
| /* confdefs.h */
| #define PACKAGE_NAME "tesseract"
| #define PACKAGE_TARNAME "tesseract"
| #define PACKAGE_VERSION "3.02.02"
| #define PACKAGE_STRING "tesseract 3.02.02"
| #define PACKAGE_BUGREPORT "http://code.google.com/p/tesseract-ocr/issues/list"
| #define PACKAGE_URL ""
| #define PACKAGE_NAME "tesseract"
| #define PACKAGE_VERSION "3.02.02"
| #define PACKAGE_YEAR "2012"
| #define PACKAGE_DATE "10/23"
| #define STDC_HEADERS 1
| #define HAVE_SYS_TYPES_H 1
| #define HAVE_SYS_STAT_H 1
| #define HAVE_STDLIB_H 1
| #define HAVE_STRING_H 1
| #define HAVE_MEMORY_H 1
| #define HAVE_STRINGS_H 1
| #define HAVE_INTTYPES_H 1
| #define HAVE_STDINT_H 1
| #define HAVE_UNISTD_H 1
| #define HAVE_DLFCN_H 1
| #define LT_OBJDIR ".libs/"
| #define PACKAGE "tesseract"
| #define VERSION "3.02.02"
| #define STDC_HEADERS 1
| #define TIME_WITH_SYS_TIME 1
| #define HAVE_SYS_WAIT_H 1
| #define HAVE_SYS_IPC_H 1
| #define HAVE_SYS_SHM_H 1
| #define HAVE_LIMITS_H 1
| #define HAVE_MALLOC_H 1
| /* end confdefs.h.  */
| #include <stdio.h>
| #ifdef HAVE_SYS_TYPES_H
| # include <sys/types.h>
| #endif
| #ifdef HAVE_SYS_STAT_H
| # include <sys/stat.h>
| #endif
| #ifdef STDC_HEADERS
| # include <stdlib.h>
| # include <stddef.h>
| #else
| # ifdef HAVE_STDLIB_H
| #  include <stdlib.h>
| # endif
| #endif
| #ifdef HAVE_STRING_H
| # if !defined STDC_HEADERS && defined HAVE_MEMORY_H
| #  include <memory.h>
| # endif
| # include <string.h>
| #endif
| #ifdef HAVE_STRINGS_H
| # include <strings.h>
| #endif
| #ifdef HAVE_INTTYPES_H
| # include <inttypes.h>
| #endif
| #ifdef HAVE_STDINT_H
| # include <stdint.h>
| #endif
| #ifdef HAVE_UNISTD_H
| # include <unistd.h>
| #endif
| int
| main ()
| {
| if (sizeof (_Bool))
| 	 return 0;
|   ;
|   return 0;
| }
configure:16487: result: no
configure:16506: checking whether #! works in shell scripts
configure:16523: result: yes
configure:16534: checking for special C compiler options needed for large files
configure:16579: result: no
configure:16585: checking for _FILE_OFFSET_BITS value needed for large files
configure:16610: g++ -c -g -O2  conftest.cpp >&5
configure:16610: $? = 0
configure:16642: result: no
configure:16733: checking for wchar_t
configure:16733: g++ -c -g -O2  conftest.cpp >&5
configure:16733: $? = 0
configure:16733: g++ -c -g -O2  conftest.cpp >&5
conftest.cpp: In function 'int main()':
conftest.cpp:71:14: error: expected primary-expression before 'wchar_t'
conftest.cpp:71:14: error: expected ')' before 'wchar_t'
conftest.cpp:72:14: error: expected ')' before ';' token
conftest.cpp:72:14: error: expected ')' before ';' token
configure:16733: $? = 1
configure: failed program was:
| /* confdefs.h */
| #define PACKAGE_NAME "tesseract"
| #define PACKAGE_TARNAME "tesseract"
| #define PACKAGE_VERSION "3.02.02"
| #define PACKAGE_STRING "tesseract 3.02.02"
| #define PACKAGE_BUGREPORT "http://code.google.com/p/tesseract-ocr/issues/list"
| #define PACKAGE_URL ""
| #define PACKAGE_NAME "tesseract"
| #define PACKAGE_VERSION "3.02.02"
| #define PACKAGE_YEAR "2012"
| #define PACKAGE_DATE "10/23"
| #define STDC_HEADERS 1
| #define HAVE_SYS_TYPES_H 1
| #define HAVE_SYS_STAT_H 1
| #define HAVE_STDLIB_H 1
| #define HAVE_STRING_H 1
| #define HAVE_MEMORY_H 1
| #define HAVE_STRINGS_H 1
| #define HAVE_INTTYPES_H 1
| #define HAVE_STDINT_H 1
| #define HAVE_UNISTD_H 1
| #define HAVE_DLFCN_H 1
| #define LT_OBJDIR ".libs/"
| #define PACKAGE "tesseract"
| #define VERSION "3.02.02"
| #define STDC_HEADERS 1
| #define TIME_WITH_SYS_TIME 1
| #define HAVE_SYS_WAIT_H 1
| #define HAVE_SYS_IPC_H 1
| #define HAVE_SYS_SHM_H 1
| #define HAVE_LIMITS_H 1
| #define HAVE_MALLOC_H 1
| #define HAVE_STDBOOL_H 1
| /* end confdefs.h.  */
| #include <stdio.h>
| #ifdef HAVE_SYS_TYPES_H
| # include <sys/types.h>
| #endif
| #ifdef HAVE_SYS_STAT_H
| # include <sys/stat.h>
| #endif
| #ifdef STDC_HEADERS
| # include <stdlib.h>
| # include <stddef.h>
| #else
| # ifdef HAVE_STDLIB_H
| #  include <stdlib.h>
| # endif
| #endif
| #ifdef HAVE_STRING_H
| # if !defined STDC_HEADERS && defined HAVE_MEMORY_H
| #  include <memory.h>
| # endif
| # include <string.h>
| #endif
| #ifdef HAVE_STRINGS_H
| # include <strings.h>
| #endif
| #ifdef HAVE_INTTYPES_H
| # include <inttypes.h>
| #endif
| #ifdef HAVE_STDINT_H
| # include <stdint.h>
| #endif
| #ifdef HAVE_UNISTD_H
| # include <unistd.h>
| #endif
| int
| main ()
| {
| if (sizeof ((wchar_t)))
| 	    return 0;
|   ;
|   return 0;
| }
configure:16733: result: yes
configure:16743: checking for long long int
configure:16743: g++ -c -g -O2  conftest.cpp >&5
configure:16743: $? = 0
configure:16743: g++ -c -g -O2  conftest.cpp >&5
conftest.cpp: In function 'int main()':
conftest.cpp:72:14: error: expected primary-expression before 'long'
conftest.cpp:72:14: error: expected ')' before 'long'
conftest.cpp:73:14: error: expected ')' before ';' token
conftest.cpp:73:14: error: expected ')' before ';' token
configure:16743: $? = 1
configure: failed program was:
| /* confdefs.h */
| #define PACKAGE_NAME "tesseract"
| #define PACKAGE_TARNAME "tesseract"
| #define PACKAGE_VERSION "3.02.02"
| #define PACKAGE_STRING "tesseract 3.02.02"
| #define PACKAGE_BUGREPORT "http://code.google.com/p/tesseract-ocr/issues/list"
| #define PACKAGE_URL ""
| #define PACKAGE_NAME "tesseract"
| #define PACKAGE_VERSION "3.02.02"
| #define PACKAGE_YEAR "2012"
| #define PACKAGE_DATE "10/23"
| #define STDC_HEADERS 1
| #define HAVE_SYS_TYPES_H 1
| #define HAVE_SYS_STAT_H 1
| #define HAVE_STDLIB_H 1
| #define HAVE_STRING_H 1
| #define HAVE_MEMORY_H 1
| #define HAVE_STRINGS_H 1
| #define HAVE_INTTYPES_H 1
| #define HAVE_STDINT_H 1
| #define HAVE_UNISTD_H 1
| #define HAVE_DLFCN_H 1
| #define LT_OBJDIR ".libs/"
| #define PACKAGE "tesseract"
| #define VERSION "3.02.02"
| #define STDC_HEADERS 1
| #define TIME_WITH_SYS_TIME 1
| #define HAVE_SYS_WAIT_H 1
| #define HAVE_SYS_IPC_H 1
| #define HAVE_SYS_SHM_H 1
| #define HAVE_LIMITS_H 1
| #define HAVE_MALLOC_H 1
| #define HAVE_STDBOOL_H 1
| #define HAVE_WCHAR_T 1
| /* end confdefs.h.  */
| #include <stdio.h>
| #ifdef HAVE_SYS_TYPES_H
| # include <sys/types.h>
| #endif
| #ifdef HAVE_SYS_STAT_H
| # include <sys/stat.h>
| #endif
| #ifdef STDC_HEADERS
| # include <stdlib.h>
| # include <stddef.h>
| #else
| # ifdef HAVE_STDLIB_H
| #  include <stdlib.h>
| # endif
| #endif
| #ifdef HAVE_STRING_H
| # if !defined STDC_HEADERS && defined HAVE_MEMORY_H
| #  include <memory.h>
| # endif
| # include <string.h>
| #endif
| #ifdef HAVE_STRINGS_H
| # include <strings.h>
| #endif
| #ifdef HAVE_INTTYPES_H
| # include <inttypes.h>
| #endif
| #ifdef HAVE_STDINT_H
| # include <stdint.h>
| #endif
| #ifdef HAVE_UNISTD_H
| # include <unistd.h>
| #endif
| int
| main ()
| {
| if (sizeof ((long long int)))
| 	    return 0;
|   ;
|   return 0;
| }
configure:16743: result: yes
configure:16753: checking for mbstate_t
configure:16753: g++ -c -g -O2  conftest.cpp >&5
configure:16753: $? = 0
configure:16753: g++ -c -g -O2  conftest.cpp >&5
conftest.cpp: In function 'int main()':
conftest.cpp:42:23: error: expected primary-expression before ')' token
configure:16753: $? = 1
configure: failed program was:
| /* confdefs.h */
| #define PACKAGE_NAME "tesseract"
| #define PACKAGE_TARNAME "tesseract"
| #define PACKAGE_VERSION "3.02.02"
| #define PACKAGE_STRING "tesseract 3.02.02"
| #define PACKAGE_BUGREPORT "http://code.google.com/p/tesseract-ocr/issues/list"
| #define PACKAGE_URL ""
| #define PACKAGE_NAME "tesseract"
| #define PACKAGE_VERSION "3.02.02"
| #define PACKAGE_YEAR "2012"
| #define PACKAGE_DATE "10/23"
| #define STDC_HEADERS 1
| #define HAVE_SYS_TYPES_H 1
| #define HAVE_SYS_STAT_H 1
| #define HAVE_STDLIB_H 1
| #define HAVE_STRING_H 1
| #define HAVE_MEMORY_H 1
| #define HAVE_STRINGS_H 1
| #define HAVE_INTTYPES_H 1
| #define HAVE_STDINT_H 1
| #define HAVE_UNISTD_H 1
| #define HAVE_DLFCN_H 1
| #define LT_OBJDIR ".libs/"
| #define PACKAGE "tesseract"
| #define VERSION "3.02.02"
| #define STDC_HEADERS 1
| #define TIME_WITH_SYS_TIME 1
| #define HAVE_SYS_WAIT_H 1
| #define HAVE_SYS_IPC_H 1
| #define HAVE_SYS_SHM_H 1
| #define HAVE_LIMITS_H 1
| #define HAVE_MALLOC_H 1
| #define HAVE_STDBOOL_H 1
| #define HAVE_WCHAR_T 1
| #define HAVE_LONG_LONG_INT 1
| /* end confdefs.h.  */
| #include "wchar.h"
| 
| int
| main ()
| {
| if (sizeof ((mbstate_t)))
| 	    return 0;
|   ;
|   return 0;
| }
configure:16753: result: yes
configure:16767: checking for size_t
configure:16767: g++ -c -g -O2  conftest.cpp >&5
configure:16767: $? = 0
configure:16767: g++ -c -g -O2  conftest.cpp >&5
conftest.cpp: In function 'int main()':
conftest.cpp:74:20: error: expected primary-expression before ')' token
configure:16767: $? = 1
configure: failed program was:
| /* confdefs.h */
| #define PACKAGE_NAME "tesseract"
| #define PACKAGE_TARNAME "tesseract"
| #define PACKAGE_VERSION "3.02.02"
| #define PACKAGE_STRING "tesseract 3.02.02"
| #define PACKAGE_BUGREPORT "http://code.google.com/p/tesseract-ocr/issues/list"
| #define PACKAGE_URL ""
| #define PACKAGE_NAME "tesseract"
| #define PACKAGE_VERSION "3.02.02"
| #define PACKAGE_YEAR "2012"
| #define PACKAGE_DATE "10/23"
| #define STDC_HEADERS 1
| #define HAVE_SYS_TYPES_H 1
| #define HAVE_SYS_STAT_H 1
| #define HAVE_STDLIB_H 1
| #define HAVE_STRING_H 1
| #define HAVE_MEMORY_H 1
| #define HAVE_STRINGS_H 1
| #define HAVE_INTTYPES_H 1
| #define HAVE_STDINT_H 1
| #define HAVE_UNISTD_H 1
| #define HAVE_DLFCN_H 1
| #define LT_OBJDIR ".libs/"
| #define PACKAGE "tesseract"
| #define VERSION "3.02.02"
| #define STDC_HEADERS 1
| #define TIME_WITH_SYS_TIME 1
| #define HAVE_SYS_WAIT_H 1
| #define HAVE_SYS_IPC_H 1
| #define HAVE_SYS_SHM_H 1
| #define HAVE_LIMITS_H 1
| #define HAVE_MALLOC_H 1
| #define HAVE_STDBOOL_H 1
| #define HAVE_WCHAR_T 1
| #define HAVE_LONG_LONG_INT 1
| #define HAVE_MBSTATE_T 1
| /* end confdefs.h.  */
| #include <stdio.h>
| #ifdef HAVE_SYS_TYPES_H
| # include <sys/types.h>
| #endif
| #ifdef HAVE_SYS_STAT_H
| # include <sys/stat.h>
| #endif
| #ifdef STDC_HEADERS
| # include <stdlib.h>
| # include <stddef.h>
| #else
| # ifdef HAVE_STDLIB_H
| #  include <stdlib.h>
| # endif
| #endif
| #ifdef HAVE_STRING_H
| # if !defined STDC_HEADERS && defined HAVE_MEMORY_H
| #  include <memory.h>
| # endif
| # include <string.h>
| #endif
| #ifdef HAVE_STRINGS_H
| # include <strings.h>
| #endif
| #ifdef HAVE_INTTYPES_H
| # include <inttypes.h>
| #endif
| #ifdef HAVE_STDINT_H
| # include <stdint.h>
| #endif
| #ifdef HAVE_UNISTD_H
| # include <unistd.h>
| #endif
| int
| main ()
| {
| if (sizeof ((size_t)))
| 	    return 0;
|   ;
|   return 0;
| }
configure:16767: result: yes
configure:16791: checking for stdlib.h
configure:16791: result: yes
configure:16791: checking for unistd.h
configure:16791: result: yes
configure:16791: checking for sys/param.h
configure:16791: g++ -c -g -O2  conftest.cpp >&5
configure:16791: $? = 0
configure:16791: result: yes
configure:16811: checking for getpagesize
configure:16811: g++ -o conftest -g -O2  -L/home/dimuthu/Tesseract-API/src/main/resources/linux/libs conftest.cpp -lpthread -llepta >&5
configure:16811: $? = 0
configure:16811: result: yes
configure:16820: checking for working mmap
configure:16967: g++ -o conftest -g -O2  -L/home/dimuthu/Tesseract-API/src/main/resources/linux/libs conftest.cpp -lpthread -llepta >&5
configure:16967: $? = 0
configure:16967: ./conftest
configure:16967: $? = 0
configure:16977: result: yes
configure:16986: checking for pid_t
configure:16986: g++ -c -g -O2  conftest.cpp >&5
configure:16986: $? = 0
configure:16986: g++ -c -g -O2  conftest.cpp >&5
conftest.cpp: In function 'int main()':
conftest.cpp:79:19: error: expected primary-expression before ')' token
configure:16986: $? = 1
configure: failed program was:
| /* confdefs.h */
| #define PACKAGE_NAME "tesseract"
| #define PACKAGE_TARNAME "tesseract"
| #define PACKAGE_VERSION "3.02.02"
| #define PACKAGE_STRING "tesseract 3.02.02"
| #define PACKAGE_BUGREPORT "http://code.google.com/p/tesseract-ocr/issues/list"
| #define PACKAGE_URL ""
| #define PACKAGE_NAME "tesseract"
| #define PACKAGE_VERSION "3.02.02"
| #define PACKAGE_YEAR "2012"
| #define PACKAGE_DATE "10/23"
| #define STDC_HEADERS 1
| #define HAVE_SYS_TYPES_H 1
| #define HAVE_SYS_STAT_H 1
| #define HAVE_STDLIB_H 1
| #define HAVE_STRING_H 1
| #define HAVE_MEMORY_H 1
| #define HAVE_STRINGS_H 1
| #define HAVE_INTTYPES_H 1
| #define HAVE_STDINT_H 1
| #define HAVE_UNISTD_H 1
| #define HAVE_DLFCN_H 1
| #define LT_OBJDIR ".libs/"
| #define PACKAGE "tesseract"
| #define VERSION "3.02.02"
| #define STDC_HEADERS 1
| #define TIME_WITH_SYS_TIME 1
| #define HAVE_SYS_WAIT_H 1
| #define HAVE_SYS_IPC_H 1
| #define HAVE_SYS_SHM_H 1
| #define HAVE_LIMITS_H 1
| #define HAVE_MALLOC_H 1
| #define HAVE_STDBOOL_H 1
| #define HAVE_WCHAR_T 1
| #define HAVE_LONG_LONG_INT 1
| #define HAVE_MBSTATE_T 1
| #define HAVE_STDLIB_H 1
| #define HAVE_UNISTD_H 1
| #define HAVE_SYS_PARAM_H 1
| #define HAVE_GETPAGESIZE 1
| #define HAVE_MMAP 1
| /* end confdefs.h.  */
| #include <stdio.h>
| #ifdef HAVE_SYS_TYPES_H
| # include <sys/types.h>
| #endif
| #ifdef HAVE_SYS_STAT_H
| # include <sys/stat.h>
| #endif
| #ifdef STDC_HEADERS
| # include <stdlib.h>
| # include <stddef.h>
| #else
| # ifdef HAVE_STDLIB_H
| #  include <stdlib.h>
| # endif
| #endif
| #ifdef HAVE_STRING_H
| # if !defined STDC_HEADERS && defined HAVE_MEMORY_H
| #  include <memory.h>
| # endif
| # include <string.h>
| #endif
| #ifdef HAVE_STRINGS_H
| # include <strings.h>
| #endif
| #ifdef HAVE_INTTYPES_H
| # include <inttypes.h>
| #endif
| #ifdef HAVE_STDINT_H
| # include <stdint.h>
| #endif
| #ifdef HAVE_UNISTD_H
| # include <unistd.h>
| #endif
| int
| main ()
| {
| if (sizeof ((pid_t)))
| 	    return 0;
|   ;
|   return 0;
| }
configure:16986: result: yes
configure:16999: checking vfork.h usability
configure:16999: g++ -c -g -O2  conftest.cpp >&5
conftest.cpp:76:19: fatal error: vfork.h: No such file or directory
compilation terminated.
configure:16999: $? = 1
configure: failed program was:
| /* confdefs.h */
| #define PACKAGE_NAME "tesseract"
| #define PACKAGE_TARNAME "tesseract"
| #define PACKAGE_VERSION "3.02.02"
| #define PACKAGE_STRING "tesseract 3.02.02"
| #define PACKAGE_BUGREPORT "http://code.google.com/p/tesseract-ocr/issues/list"
| #define PACKAGE_URL ""
| #define PACKAGE_NAME "tesseract"
| #define PACKAGE_VERSION "3.02.02"
| #define PACKAGE_YEAR "2012"
| #define PACKAGE_DATE "10/23"
| #define STDC_HEADERS 1
| #define HAVE_SYS_TYPES_H 1
| #define HAVE_SYS_STAT_H 1
| #define HAVE_STDLIB_H 1
| #define HAVE_STRING_H 1
| #define HAVE_MEMORY_H 1
| #define HAVE_STRINGS_H 1
| #define HAVE_INTTYPES_H 1
| #define HAVE_STDINT_H 1
| #define HAVE_UNISTD_H 1
| #define HAVE_DLFCN_H 1
| #define LT_OBJDIR ".libs/"
| #define PACKAGE "tesseract"
| #define VERSION "3.02.02"
| #define STDC_HEADERS 1
| #define TIME_WITH_SYS_TIME 1
| #define HAVE_SYS_WAIT_H 1
| #define HAVE_SYS_IPC_H 1
| #define HAVE_SYS_SHM_H 1
| #define HAVE_LIMITS_H 1
| #define HAVE_MALLOC_H 1
| #define HAVE_STDBOOL_H 1
| #define HAVE_WCHAR_T 1
| #define HAVE_LONG_LONG_INT 1
| #define HAVE_MBSTATE_T 1
| #define HAVE_STDLIB_H 1
| #define HAVE_UNISTD_H 1
| #define HAVE_SYS_PARAM_H 1
| #define HAVE_GETPAGESIZE 1
| #define HAVE_MMAP 1
| /* end confdefs.h.  */
| #include <stdio.h>
| #ifdef HAVE_SYS_TYPES_H
| # include <sys/types.h>
| #endif
| #ifdef HAVE_SYS_STAT_H
| # include <sys/stat.h>
| #endif
| #ifdef STDC_HEADERS
| # include <stdlib.h>
| # include <stddef.h>
| #else
| # ifdef HAVE_STDLIB_H
| #  include <stdlib.h>
| # endif
| #endif
| #ifdef HAVE_STRING_H
| # if !defined STDC_HEADERS && defined HAVE_MEMORY_H
| #  include <memory.h>
| # endif
| # include <string.h>
| #endif
| #ifdef HAVE_STRINGS_H
| # include <strings.h>
| #endif
| #ifdef HAVE_INTTYPES_H
| # include <inttypes.h>
| #endif
| #ifdef HAVE_STDINT_H
| # include <stdint.h>
| #endif
| #ifdef HAVE_UNISTD_H
| # include <unistd.h>
| #endif
| #include <vfork.h>
configure:16999: result: no
configure:16999: checking vfork.h presence
configure:16999: g++ -E  conftest.cpp
conftest.cpp:43:19: fatal error: vfork.h: No such file or directory
compilation terminated.
configure:16999: $? = 1
configure: failed program was:
| /* confdefs.h */
| #define PACKAGE_NAME "tesseract"
| #define PACKAGE_TARNAME "tesseract"
| #define PACKAGE_VERSION "3.02.02"
| #define PACKAGE_STRING "tesseract 3.02.02"
| #define PACKAGE_BUGREPORT "http://code.google.com/p/tesseract-ocr/issues/list"
| #define PACKAGE_URL ""
| #define PACKAGE_NAME "tesseract"
| #define PACKAGE_VERSION "3.02.02"
| #define PACKAGE_YEAR "2012"
| #define PACKAGE_DATE "10/23"
| #define STDC_HEADERS 1
| #define HAVE_SYS_TYPES_H 1
| #define HAVE_SYS_STAT_H 1
| #define HAVE_STDLIB_H 1
| #define HAVE_STRING_H 1
| #define HAVE_MEMORY_H 1
| #define HAVE_STRINGS_H 1
| #define HAVE_INTTYPES_H 1
| #define HAVE_STDINT_H 1
| #define HAVE_UNISTD_H 1
| #define HAVE_DLFCN_H 1
| #define LT_OBJDIR ".libs/"
| #define PACKAGE "tesseract"
| #define VERSION "3.02.02"
| #define STDC_HEADERS 1
| #define TIME_WITH_SYS_TIME 1
| #define HAVE_SYS_WAIT_H 1
| #define HAVE_SYS_IPC_H 1
| #define HAVE_SYS_SHM_H 1
| #define HAVE_LIMITS_H 1
| #define HAVE_MALLOC_H 1
| #define HAVE_STDBOOL_H 1
| #define HAVE_WCHAR_T 1
| #define HAVE_LONG_LONG_INT 1
| #define HAVE_MBSTATE_T 1
| #define HAVE_STDLIB_H 1
| #define HAVE_UNISTD_H 1
| #define HAVE_SYS_PARAM_H 1
| #define HAVE_GETPAGESIZE 1
| #define HAVE_MMAP 1
| /* end confdefs.h.  */
| #include <vfork.h>
configure:16999: result: no
configure:16999: checking for vfork.h
configure:16999: result: no
configure:17012: checking for fork
configure:17012: g++ -o conftest -g -O2  -L/home/dimuthu/Tesseract-API/src/main/resources/linux/libs conftest.cpp -lpthread -llepta >&5
configure:17012: $? = 0
configure:17012: result: yes
configure:17012: checking for vfork
configure:17012: g++ -o conftest -g -O2  -L/home/dimuthu/Tesseract-API/src/main/resources/linux/libs conftest.cpp -lpthread -llepta >&5
configure:17012: $? = 0
configure:17012: result: yes
configure:17022: checking for working fork
configure:17044: g++ -o conftest -g -O2  -L/home/dimuthu/Tesseract-API/src/main/resources/linux/libs conftest.cpp -lpthread -llepta >&5
configure:17044: $? = 0
configure:17044: ./conftest
configure:17044: $? = 0
configure:17054: result: yes
configure:17075: checking for working vfork
configure:17185: result: yes
configure:17213: checking for strerror
configure:17213: g++ -o conftest -g -O2  -L/home/dimuthu/Tesseract-API/src/main/resources/linux/libs conftest.cpp -lpthread -llepta >&5
configure:17213: $? = 0
configure:17213: result: yes
configure:17213: checking for vsnprintf
configure:17213: g++ -o conftest -g -O2  -L/home/dimuthu/Tesseract-API/src/main/resources/linux/libs conftest.cpp -lpthread -llepta >&5
configure:17213: $? = 0
configure:17213: result: yes
configure:17224: checking for gethostname
configure:17224: g++ -o conftest -g -O2  -L/home/dimuthu/Tesseract-API/src/main/resources/linux/libs conftest.cpp -lpthread -llepta >&5
configure:17224: $? = 0
configure:17224: result: yes
configure:17236: checking for strchr
configure:17236: g++ -o conftest -g -O2  -L/home/dimuthu/Tesseract-API/src/main/resources/linux/libs conftest.cpp -lpthread -llepta >&5
configure:17236: $? = 0
configure:17236: result: yes
configure:17236: checking for memcpy
configure:17236: g++ -o conftest -g -O2  -L/home/dimuthu/Tesseract-API/src/main/resources/linux/libs conftest.cpp -lpthread -llepta >&5
configure:17236: $? = 0
configure:17236: result: yes
configure:17248: checking for acos
configure:17248: g++ -o conftest -g -O2  -L/home/dimuthu/Tesseract-API/src/main/resources/linux/libs conftest.cpp -lpthread -llepta >&5
configure:17248: $? = 0
configure:17248: result: yes
configure:17248: checking for asin
configure:17248: g++ -o conftest -g -O2  -L/home/dimuthu/Tesseract-API/src/main/resources/linux/libs conftest.cpp -lpthread -llepta >&5
configure:17248: $? = 0
configure:17248: result: yes
configure:17263: checking for leptonica
configure:17282: result: yes
configure:17284: checking for pixCreate in -llept
configure:17309: g++ -o conftest -g -O2  -I/home/dimuthu/Tesseract-API/src/main/native/src/leptonica/include/leptonica/. -L/home/dimuthu/Tesseract-API/src/main/resources/linux/libs conftest.cpp -llept -lpthread -llepta >&5
/usr/bin/ld: cannot find -llept
collect2: ld returned 1 exit status
configure:17309: $? = 1
configure: failed program was:
| /* confdefs.h */
| #define PACKAGE_NAME "tesseract"
| #define PACKAGE_TARNAME "tesseract"
| #define PACKAGE_VERSION "3.02.02"
| #define PACKAGE_STRING "tesseract 3.02.02"
| #define PACKAGE_BUGREPORT "http://code.google.com/p/tesseract-ocr/issues/list"
| #define PACKAGE_URL ""
| #define PACKAGE_NAME "tesseract"
| #define PACKAGE_VERSION "3.02.02"
| #define PACKAGE_YEAR "2012"
| #define PACKAGE_DATE "10/23"
| #define STDC_HEADERS 1
| #define HAVE_SYS_TYPES_H 1
| #define HAVE_SYS_STAT_H 1
| #define HAVE_STDLIB_H 1
| #define HAVE_STRING_H 1
| #define HAVE_MEMORY_H 1
| #define HAVE_STRINGS_H 1
| #define HAVE_INTTYPES_H 1
| #define HAVE_STDINT_H 1
| #define HAVE_UNISTD_H 1
| #define HAVE_DLFCN_H 1
| #define LT_OBJDIR ".libs/"
| #define PACKAGE "tesseract"
| #define VERSION "3.02.02"
| #define STDC_HEADERS 1
| #define TIME_WITH_SYS_TIME 1
| #define HAVE_SYS_WAIT_H 1
| #define HAVE_SYS_IPC_H 1
| #define HAVE_SYS_SHM_H 1
| #define HAVE_LIMITS_H 1
| #define HAVE_MALLOC_H 1
| #define HAVE_STDBOOL_H 1
| #define HAVE_WCHAR_T 1
| #define HAVE_LONG_LONG_INT 1
| #define HAVE_MBSTATE_T 1
| #define HAVE_STDLIB_H 1
| #define HAVE_UNISTD_H 1
| #define HAVE_SYS_PARAM_H 1
| #define HAVE_GETPAGESIZE 1
| #define HAVE_MMAP 1
| #define HAVE_FORK 1
| #define HAVE_VFORK 1
| #define HAVE_WORKING_VFORK 1
| #define HAVE_WORKING_FORK 1
| #define HAVE_STRERROR 1
| #define HAVE_VSNPRINTF 1
| #define HAVE_GETHOSTNAME 1
| #define HAVE_STRCHR 1
| #define HAVE_MEMCPY 1
| #define HAVE_ACOS 1
| #define HAVE_ASIN 1
| /* end confdefs.h.  */
| 
| /* Override any GCC internal prototype to avoid an error.
|    Use char because int might match the return type of a GCC
|    builtin and then its argument prototype would still apply.  */
| #ifdef __cplusplus
| extern "C"
| #endif
| char pixCreate ();
| int
| main ()
| {
| return pixCreate ();
|   ;
|   return 0;
| }
configure:17318: result: no
configure:17546: checking that generated files are newer than configure
configure:17552: result: done
configure:17588: creating ./config.status

## ---------------------- ##
## Running config.status. ##
## ---------------------- ##

This file was extended by tesseract config.status 3.02.02, which was
generated by GNU Autoconf 2.69.  Invocation command line was

  CONFIG_FILES    = 
  CONFIG_HEADERS  = 
  CONFIG_LINKS    = 
  CONFIG_COMMANDS = 
  $ ./config.status 

on dimuthu-H61M-DS2

config.status:1228: creating Makefile
config.status:1228: creating tesseract.pc
config.status:1228: creating api/Makefile
config.status:1228: creating ccmain/Makefile
config.status:1228: creating ccstruct/Makefile
config.status:1228: creating ccutil/Makefile
config.status:1228: creating classify/Makefile
config.status:1228: creating cube/Makefile
config.status:1228: creating cutil/Makefile
config.status:1228: creating dict/Makefile
config.status:1228: creating image/Makefile
config.status:1228: creating neural_networks/runtime/Makefile
config.status:1228: creating textord/Makefile
config.status:1228: creating viewer/Makefile
config.status:1228: creating wordrec/Makefile
config.status:1228: creating training/Makefile
config.status:1228: creating tessdata/Makefile
config.status:1228: creating tessdata/configs/Makefile
config.status:1228: creating tessdata/tessconfigs/Makefile
config.status:1228: creating testing/Makefile
config.status:1228: creating java/Makefile
config.status:1228: creating java/com/Makefile
config.status:1228: creating java/com/google/Makefile
config.status:1228: creating java/com/google/scrollview/Makefile
config.status:1228: creating java/com/google/scrollview/events/Makefile
config.status:1228: creating java/com/google/scrollview/ui/Makefile
config.status:1228: creating doc/Makefile
config.status:1228: creating config_auto.h
config.status:1409: config_auto.h is unchanged
config.status:1457: executing libtool commands
config.status:1457: executing depfiles commands

## ---------------- ##
## Cache variables. ##
## ---------------- ##

ac_cv_build=x86_64-unknown-linux-gnu
ac_cv_c_bigendian=no
ac_cv_c_compiler_gnu=yes
ac_cv_cxx_compiler_gnu=yes
ac_cv_env_CCC_set=
ac_cv_env_CCC_value=
ac_cv_env_CC_set=
ac_cv_env_CC_value=
ac_cv_env_CFLAGS_set=
ac_cv_env_CFLAGS_value=
ac_cv_env_CPPFLAGS_set=
ac_cv_env_CPPFLAGS_value=
ac_cv_env_CPP_set=
ac_cv_env_CPP_value=
ac_cv_env_CXXCPP_set=
ac_cv_env_CXXCPP_value=
ac_cv_env_CXXFLAGS_set=
ac_cv_env_CXXFLAGS_value=
ac_cv_env_CXX_set=
ac_cv_env_CXX_value=
ac_cv_env_LDFLAGS_set=
ac_cv_env_LDFLAGS_value=
ac_cv_env_LIBLEPT_HEADERSDIR_set=
ac_cv_env_LIBLEPT_HEADERSDIR_value=
ac_cv_env_LIBS_set=
ac_cv_env_LIBS_value=
ac_cv_env_build_alias_set=
ac_cv_env_build_alias_value=
ac_cv_env_host_alias_set=
ac_cv_env_host_alias_value=
ac_cv_env_target_alias_set=
ac_cv_env_target_alias_value=
ac_cv_func_acos=yes
ac_cv_func_asin=yes
ac_cv_func_fork=yes
ac_cv_func_fork_works=yes
ac_cv_func_gethostname=yes
ac_cv_func_getpagesize=yes
ac_cv_func_memcpy=yes
ac_cv_func_mmap_fixed_mapped=yes
ac_cv_func_strchr=yes
ac_cv_func_strerror=yes
ac_cv_func_vfork=yes
ac_cv_func_vfork_works=yes
ac_cv_func_vsnprintf=yes
ac_cv_header_allheaders_h=no
ac_cv_header_dlfcn_h=yes
ac_cv_header_inttypes_h=yes
ac_cv_header_limits_h=yes
ac_cv_header_malloc_h=yes
ac_cv_header_memory_h=yes
ac_cv_header_stdbool_h=yes
ac_cv_header_stdc=yes
ac_cv_header_stdint_h=yes
ac_cv_header_stdlib_h=yes
ac_cv_header_string_h=yes
ac_cv_header_strings_h=yes
ac_cv_header_sys_ipc_h=yes
ac_cv_header_sys_param_h=yes
ac_cv_header_sys_shm_h=yes
ac_cv_header_sys_stat_h=yes
ac_cv_header_sys_types_h=yes
ac_cv_header_sys_wait_h=yes
ac_cv_header_time=yes
ac_cv_header_unistd_h=yes
ac_cv_header_vfork_h=no
ac_cv_host=x86_64-unknown-linux-gnu
ac_cv_lib_lept_pixCreate=no
ac_cv_objext=o
ac_cv_path_EGREP='/bin/grep -E'
ac_cv_path_FGREP='/bin/grep -F'
ac_cv_path_GREP=/bin/grep
ac_cv_path_SED=/bin/sed
ac_cv_path_install='/usr/bin/install -c'
ac_cv_path_mkdir=/bin/mkdir
ac_cv_prog_AWK=mawk
ac_cv_prog_CPP='gcc -E'
ac_cv_prog_CXXCPP='g++ -E'
ac_cv_prog_ac_ct_AR=ar
ac_cv_prog_ac_ct_CC=gcc
ac_cv_prog_ac_ct_CXX=g++
ac_cv_prog_ac_ct_MANIFEST_TOOL=mt
ac_cv_prog_ac_ct_OBJDUMP=objdump
ac_cv_prog_ac_ct_RANLIB=ranlib
ac_cv_prog_ac_ct_STRIP=strip
ac_cv_prog_cc_c89=
ac_cv_prog_cc_g=yes
ac_cv_prog_cxx_g=yes
ac_cv_prog_make_make_set=yes
ac_cv_search_sem_init=-lpthread
ac_cv_sys_file_offset_bits=no
ac_cv_sys_interpreter=yes
ac_cv_sys_largefile_CC=no
ac_cv_type__Bool=no
ac_cv_type_long_long_int=yes
ac_cv_type_mbstate_t=yes
ac_cv_type_pid_t=yes
ac_cv_type_size_t=yes
ac_cv_type_wchar_t=yes
am_cv_CC_dependencies_compiler_type=gcc3
am_cv_CXX_dependencies_compiler_type=gcc3
am_cv_make_support_nested_variables=yes
am_cv_prog_cc_c_o=yes
lt_cv_ar_at_file=@
lt_cv_archive_cmds_need_lc=no
lt_cv_deplibs_check_method=pass_all
lt_cv_file_magic_cmd='$MAGIC_CMD'
lt_cv_file_magic_test_file=
lt_cv_ld_reload_flag=-r
lt_cv_nm_interface='BSD nm'
lt_cv_objdir=.libs
lt_cv_path_LD=/usr/bin/ld
lt_cv_path_LDCXX='/usr/bin/ld -m elf_x86_64'
lt_cv_path_NM='/usr/bin/nm -B'
lt_cv_path_mainfest_tool=no
lt_cv_prog_compiler_c_o=yes
lt_cv_prog_compiler_c_o_CXX=yes
lt_cv_prog_compiler_pic='-fPIC -DPIC'
lt_cv_prog_compiler_pic_CXX='-fPIC -DPIC'
lt_cv_prog_compiler_pic_works=yes
lt_cv_prog_compiler_pic_works_CXX=yes
lt_cv_prog_compiler_rtti_exceptions=no
lt_cv_prog_compiler_static_works=yes
lt_cv_prog_compiler_static_works_CXX=yes
lt_cv_prog_gnu_ld=yes
lt_cv_prog_gnu_ldcxx=yes
lt_cv_sharedlib_from_linklib_cmd='printf %s\n'
lt_cv_shlibpath_overrides_runpath=no
lt_cv_sys_global_symbol_pipe='sed -n -e '\''s/^.*[	 ]\([ABCDGIRSTW][ABCDGIRSTW]*\)[	 ][	 ]*\([_A-Za-z][_A-Za-z0-9]*\)$/\1 \2 \2/p'\'' | sed '\''/ __gnu_lto/d'\'''
lt_cv_sys_global_symbol_to_c_name_address='sed -n -e '\''s/^: \([^ ]*\)[ ]*$/  {\"\1\", (void *) 0},/p'\'' -e '\''s/^[ABCDGIRSTW]* \([^ ]*\) \([^ ]*\)$/  {"\2", (void *) \&\2},/p'\'''
lt_cv_sys_global_symbol_to_c_name_address_lib_prefix='sed -n -e '\''s/^: \([^ ]*\)[ ]*$/  {\"\1\", (void *) 0},/p'\'' -e '\''s/^[ABCDGIRSTW]* \([^ ]*\) \(lib[^ ]*\)$/  {"\2", (void *) \&\2},/p'\'' -e '\''s/^[ABCDGIRSTW]* \([^ ]*\) \([^ ]*\)$/  {"lib\2", (void *) \&\2},/p'\'''
lt_cv_sys_global_symbol_to_cdecl='sed -n -e '\''s/^T .* \(.*\)$/extern int \1();/p'\'' -e '\''s/^[ABCDGIRSTW]* .* \(.*\)$/extern char \1;/p'\'''
lt_cv_sys_max_cmd_len=1572864
lt_cv_to_host_file_cmd=func_convert_file_noop
lt_cv_to_tool_file_cmd=func_convert_file_noop

## ----------------- ##
## Output variables. ##
## ----------------- ##

ACLOCAL='aclocal-1.14'
AMDEPBACKSLASH='\'
AMDEP_FALSE='#'
AMDEP_TRUE=''
AMTAR='$${TAR-tar}'
AM_BACKSLASH='\'
AM_CPPFLAGS=' -O3 -DNDEBUG'
AM_DEFAULT_V='$(AM_DEFAULT_VERBOSITY)'
AM_DEFAULT_VERBOSITY='1'
AM_LDFLAGS=''
AM_V='$(V)'
AR='ar'
AUTOCONF='autoconf'
AUTOHEADER='autoheader'
AUTOMAKE='automake-1.14'
AWK='mawk'
CC='gcc'
CCDEPMODE='depmode=gcc3'
CFLAGS='-g -O2'
CPP='gcc -E'
CPPFLAGS=' -I/home/dimuthu/Tesseract-API/src/main/native/src/leptonica/include/leptonica/.'
CXX='g++'
CXXCPP='g++ -E'
CXXDEPMODE='depmode=gcc3'
CXXFLAGS='-g -O2'
CYGPATH_W='echo'
DEFS='-DHAVE_CONFIG_H'
DEPDIR='.deps'
DLLTOOL='false'
DSYMUTIL=''
DUMPBIN=''
ECHO_C=''
ECHO_N='-n'
ECHO_T=''
EGREP='/bin/grep -E'
EMBEDDED_FALSE=''
EMBEDDED_TRUE='#'
EXEEXT=''
FGREP='/bin/grep -F'
GENERIC_API_VERSION='3.2'
GENERIC_LIBRARY_NAME='tesseract'
GENERIC_LIBRARY_VERSION='3:2'
GENERIC_MAJOR_VERSION='3'
GENERIC_RELEASE='3.2'
GENERIC_VERSION='3.2.2'
GRAPHICS_DISABLED_FALSE=''
GRAPHICS_DISABLED_TRUE='#'
GREP='/bin/grep'
INSTALL_DATA='${INSTALL} -m 644'
INSTALL_PROGRAM='${INSTALL}'
INSTALL_SCRIPT='${INSTALL}'
INSTALL_STRIP_PROGRAM='$(install_sh) -c -s'
LD='/usr/bin/ld -m elf_x86_64'
LDFLAGS='-L/home/dimuthu/Tesseract-API/src/main/resources/linux/libs'
LIBLEPT_HEADERSDIR='/home/dimuthu/Tesseract-API/src/main/native/src/leptonica/include/leptonica'
LIBOBJS=''
LIBS='-lpthread -llepta'
LIBTOOL='$(SHELL) $(top_builddir)/libtool'
LIPO=''
LN_S='ln -s'
LTLIBOBJS=''
MAINT='#'
MAINTAINER_MODE_FALSE=''
MAINTAINER_MODE_TRUE='#'
MAKEINFO='makeinfo'
MANIFEST_TOOL=':'
MINGW_FALSE=''
MINGW_TRUE='#'
MKDIR_P='/bin/mkdir -p'
NM='/usr/bin/nm -B'
NMEDIT=''
NO_TESSDATA_PREFIX_FALSE=''
NO_TESSDATA_PREFIX_TRUE='#'
OBJDUMP='objdump'
OBJEXT='o'
OTOOL64=''
OTOOL=''
PACKAGE='tesseract'
PACKAGE_BUGREPORT='http://code.google.com/p/tesseract-ocr/issues/list'
PACKAGE_DATE='10/23'
PACKAGE_NAME='tesseract'
PACKAGE_STRING='tesseract 3.02.02'
PACKAGE_TARNAME='tesseract'
PACKAGE_URL=''
PACKAGE_VERSION='3.02.02'
PACKAGE_YEAR='2012'
PATH_SEPARATOR=':'
RANLIB='ranlib'
SED='/bin/sed'
SET_MAKE=''
SHELL='/bin/bash'
STRIP='strip'
USING_CL_FALSE=''
USING_CL_TRUE='#'
USING_MULTIPLELIBS_FALSE=''
USING_MULTIPLELIBS_TRUE='#'
VERSION='3.02.02'
VISIBILITY_FALSE=''
VISIBILITY_TRUE='#'
ac_ct_AR='ar'
ac_ct_CC='gcc'
ac_ct_CXX='g++'
ac_ct_DUMPBIN=''
am__EXEEXT_FALSE=''
am__EXEEXT_TRUE='#'
am__fastdepCC_FALSE='#'
am__fastdepCC_TRUE=''
am__fastdepCXX_FALSE='#'
am__fastdepCXX_TRUE=''
am__include='include'
am__isrc=''
am__leading_dot='.'
am__nodep='_no'
am__quote=''
am__tar='$${TAR-tar} chof - "$$tardir"'
am__untar='$${TAR-tar} xf -'
bindir='/home/dimuthu/Tesseract-API/src/main/native/src/tesseract/src/tesseract/bin'
build='x86_64-unknown-linux-gnu'
build_alias=''
build_cpu='x86_64'
build_os='linux-gnu'
build_vendor='unknown'
datadir='${datarootdir}'
datarootdir='/home/dimuthu/Tesseract-API/src/main/native/src/tesseract/src/tesseract/share'
docdir='${datarootdir}/doc/${PACKAGE_TARNAME}'
dvidir='${docdir}'
exec_prefix='${prefix}'
host='x86_64-unknown-linux-gnu'
host_alias=''
host_cpu='x86_64'
host_os='linux-gnu'
host_vendor='unknown'
htmldir='${docdir}'
includedir='/home/dimuthu/Tesseract-API/src/main/native/src/tesseract/src/tesseract/include/tesseract'
infodir='${datarootdir}/info'
install_sh='${SHELL} /home/dimuthu/Tesseract-API/src/main/native/src/tesseract/src/config/install-sh'
libdir='/home/dimuthu/Tesseract-API/src/main/native/src/tesseract/src/tesseract/libs'
libexecdir='${exec_prefix}/libexec'
localedir='${datarootdir}/locale'
localstatedir='${prefix}/var'
mandir='${datarootdir}/man'
mkdir_p='$(MKDIR_P)'
oldincludedir='/usr/include'
pdfdir='${docdir}'
prefix='/usr/local'
program_transform_name='s,x,x,'
psdir='${docdir}'
sbindir='${exec_prefix}/sbin'
sharedstatedir='${prefix}/com'
sysconfdir='${prefix}/etc'
target_alias=''

## ----------- ##
## confdefs.h. ##
## ----------- ##

/* confdefs.h */
#define PACKAGE_NAME "tesseract"
#define PACKAGE_TARNAME "tesseract"
#define PACKAGE_VERSION "3.02.02"
#define PACKAGE_STRING "tesseract 3.02.02"
#define PACKAGE_BUGREPORT "http://code.google.com/p/tesseract-ocr/issues/list"
#define PACKAGE_URL ""
#define PACKAGE_NAME "tesseract"
#define PACKAGE_VERSION "3.02.02"
#define PACKAGE_YEAR "2012"
#define PACKAGE_DATE "10/23"
#define STDC_HEADERS 1
#define HAVE_SYS_TYPES_H 1
#define HAVE_SYS_STAT_H 1
#define HAVE_STDLIB_H 1
#define HAVE_STRING_H 1
#define HAVE_MEMORY_H 1
#define HAVE_STRINGS_H 1
#define HAVE_INTTYPES_H 1
#define HAVE_STDINT_H 1
#define HAVE_UNISTD_H 1
#define HAVE_DLFCN_H 1
#define LT_OBJDIR ".libs/"
#define PACKAGE "tesseract"
#define VERSION "3.02.02"
#define STDC_HEADERS 1
#define TIME_WITH_SYS_TIME 1
#define HAVE_SYS_WAIT_H 1
#define HAVE_SYS_IPC_H 1
#define HAVE_SYS_SHM_H 1
#define HAVE_LIMITS_H 1
#define HAVE_MALLOC_H 1
#define HAVE_STDBOOL_H 1
#define HAVE_WCHAR_T 1
#define HAVE_LONG_LONG_INT 1
#define HAVE_MBSTATE_T 1
#define HAVE_STDLIB_H 1
#define HAVE_UNISTD_H 1
#define HAVE_SYS_PARAM_H 1
#define HAVE_GETPAGESIZE 1
#define HAVE_MMAP 1
#define HAVE_FORK 1
#define HAVE_VFORK 1
#define HAVE_WORKING_VFORK 1
#define HAVE_WORKING_FORK 1
#define HAVE_STRERROR 1
#define HAVE_VSNPRINTF 1
#define HAVE_GETHOSTNAME 1
#define HAVE_STRCHR 1
#define HAVE_MEMCPY 1
#define HAVE_ACOS 1
#define HAVE_ASIN 1

configure: exit 0
