This file contains any messages produced by compilers while
running configure, to aid debugging if configure makes a mistake.

It was created by leptonica configure 1.69, which was
generated by GNU Autoconf 2.65.  Invocation command line was

  $ ./configure 

## --------- ##
## Platform. ##
## --------- ##

hostname = Dimuthus-MacBook-Pro.local
uname -m = x86_64
uname -r = 13.1.0
uname -s = Darwin
uname -v = Darwin Kernel Version 13.1.0: Wed Apr  2 23:52:02 PDT 2014; root:xnu-2422.92.1~2/RELEASE_X86_64

/usr/bin/uname -p = i386
/bin/uname -X     = unknown

/bin/arch              = unknown
/usr/bin/arch -k       = unknown
/usr/convex/getsysinfo = unknown
/usr/bin/hostinfo      = Mach kernel version:
	 Darwin Kernel Version 13.1.0: Wed Apr  2 23:52:02 PDT 2014; root:xnu-2422.92.1~2/RELEASE_X86_64
Kernel configured for up to 4 processors.
2 processors are physically available.
4 processors are logically available.
Processor type: i486 (Intel 80486)
Processors active: 0 1 2 3
Primary memory available: 4.00 gigabytes
Default processor set: 205 tasks, 1048 threads, 4 processors
Load average: 1.64, Mach factor: 2.35
/bin/machine           = unknown
/usr/bin/oslevel       = unknown
/bin/universe          = unknown

PATH: /Users/dimuthuupeksha/Documents/Academic/internship/WSO2/svn/dimuthuu/Axis2/addressing.mar
PATH: /opt/local/bin
PATH: /opt/local/sbin
PATH: /usr/bin
PATH: /bin
PATH: /usr/sbin
PATH: /sbin
PATH: /usr/local/bin
PATH: /Applications/Xcode.app/Contents/Developer/Toolchains/OSX10.8.xctoolchain/usr/bin
PATH: /Applications/Xcode.app/Contents/Developer/usr/bin
PATH: /opt/X11/bin
PATH: /Users/dimuthuupeksha/.rvm/bin
PATH: /usr/local/mysql/bin
PATH: /usr/local/apache-ant/bin
PATH: /usr/local/apache-maven-3.0.4/bin
PATH: /Users/dimuthuupeksha/Documents/Academic/internship/axis2-1.6.2/lib/XmlSchema-1.4.7.jar
PATH: /Users/dimuthuupeksha/Documents/Academic/internship/axis2-1.6.2/lib/activation-1.1.jar
PATH: /Users/dimuthuupeksha/Documents/Academic/internship/axis2-1.6.2/lib/antlr-2.7.7.jar
PATH: /Users/dimuthuupeksha/Documents/Academic/internship/axis2-1.6.2/lib/apache-mime4j-core-0.7.2.jar
PATH: /Users/dimuthuupeksha/Documents/Academic/internship/axis2-1.6.2/lib/axiom-api-1.2.13.jar
PATH: /Users/dimuthuupeksha/Documents/Academic/internship/axis2-1.6.2/lib/axiom-dom-1.2.13.jar
PATH: /Users/dimuthuupeksha/Documents/Academic/internship/axis2-1.6.2/lib/axiom-impl-1.2.13.jar
PATH: /Users/dimuthuupeksha/Documents/Academic/internship/axis2-1.6.2/lib/axis2-adb-1.6.2.jar
PATH: /Users/dimuthuupeksha/Documents/Academic/internship/axis2-1.6.2/lib/axis2-adb-codegen-1.6.2.jar
PATH: /Users/dimuthuupeksha/Documents/Academic/internship/axis2-1.6.2/lib/axis2-ant-plugin-1.6.2.jar
PATH: /Users/dimuthuupeksha/Documents/Academic/internship/axis2-1.6.2/lib/axis2-clustering-1.6.2.jar
PATH: /Users/dimuthuupeksha/Documents/Academic/internship/axis2-1.6.2/lib/axis2-codegen-1.6.2.jar
PATH: /Users/dimuthuupeksha/Documents/Academic/internship/axis2-1.6.2/lib/axis2-corba-1.6.2.jar
PATH: /Users/dimuthuupeksha/Documents/Academic/internship/axis2-1.6.2/lib/axis2-fastinfoset-1.6.2.jar
PATH: /Users/dimuthuupeksha/Documents/Academic/internship/axis2-1.6.2/lib/axis2-java2wsdl-1.6.2.jar
PATH: /Users/dimuthuupeksha/Documents/Academic/internship/axis2-1.6.2/lib/axis2-jaxbri-1.6.2.jar
PATH: /Users/dimuthuupeksha/Documents/Academic/internship/axis2-1.6.2/lib/axis2-jaxws-1.6.2.jar
PATH: /Users/dimuthuupeksha/Documents/Academic/internship/axis2-1.6.2/lib/axis2-jibx-1.6.2.jar
PATH: /Users/dimuthuupeksha/Documents/Academic/internship/axis2-1.6.2/lib/axis2-json-1.6.2.jar
PATH: /Users/dimuthuupeksha/Documents/Academic/internship/axis2-1.6.2/lib/axis2-kernel-1.6.2.jar
PATH: /Users/dimuthuupeksha/Documents/Academic/internship/axis2-1.6.2/lib/axis2-metadata-1.6.2.jar
PATH: /Users/dimuthuupeksha/Documents/Academic/internship/axis2-1.6.2/lib/axis2-mtompolicy-1.6.2.jar
PATH: /Users/dimuthuupeksha/Documents/Academic/internship/axis2-1.6.2/lib/axis2-saaj-1.6.2.jar
PATH: /Users/dimuthuupeksha/Documents/Academic/internship/axis2-1.6.2/lib/axis2-soapmonitor-servlet-1.6.2.jar
PATH: /Users/dimuthuupeksha/Documents/Academic/internship/axis2-1.6.2/lib/axis2-spring-1.6.2.jar
PATH: /Users/dimuthuupeksha/Documents/Academic/internship/axis2-1.6.2/lib/axis2-transport-http-1.6.2.jar
PATH: /Users/dimuthuupeksha/Documents/Academic/internship/axis2-1.6.2/lib/axis2-transport-local-1.6.2.jar
PATH: /Users/dimuthuupeksha/Documents/Academic/internship/axis2-1.6.2/lib/axis2-xmlbeans-1.6.2.jar
PATH: /Users/dimuthuupeksha/Documents/Academic/internship/axis2-1.6.2/lib/bcel-5.1.jar
PATH: /Users/dimuthuupeksha/Documents/Academic/internship/axis2-1.6.2/lib/commons-cli-1.2.jar
PATH: /Users/dimuthuupeksha/Documents/Academic/internship/axis2-1.6.2/lib/commons-codec-1.3.jar
PATH: /Users/dimuthuupeksha/Documents/Academic/internship/axis2-1.6.2/lib/commons-fileupload-1.2.jar
PATH: /Users/dimuthuupeksha/Documents/Academic/internship/axis2-1.6.2/lib/commons-httpclient-3.1.jar
PATH: /Users/dimuthuupeksha/Documents/Academic/internship/axis2-1.6.2/lib/commons-io-1.4.jar
PATH: /Users/dimuthuupeksha/Documents/Academic/internship/axis2-1.6.2/lib/commons-logging-1.1.1.jar
PATH: /Users/dimuthuupeksha/Documents/Academic/internship/axis2-1.6.2/lib/geronimo-annotation_1.0_spec-1.1.jar
PATH: /Users/dimuthuupeksha/Documents/Academic/internship/axis2-1.6.2/lib/geronimo-jaxws_2.2_spec-1.0.jar
PATH: /Users/dimuthuupeksha/Documents/Academic/internship/axis2-1.6.2/lib/geronimo-jta_1.1_spec-1.1.jar
PATH: /Users/dimuthuupeksha/Documents/Academic/internship/axis2-1.6.2/lib/geronimo-saaj_1.3_spec-1.0.1.jar
PATH: /Users/dimuthuupeksha/Documents/Academic/internship/axis2-1.6.2/lib/geronimo-stax-api_1.0_spec-1.0.1.jar
PATH: /Users/dimuthuupeksha/Documents/Academic/internship/axis2-1.6.2/lib/geronimo-ws-metadata_2.0_spec-1.1.2.jar
PATH: /Users/dimuthuupeksha/Documents/Academic/internship/axis2-1.6.2/lib/httpcore-4.0.jar
PATH: /Users/dimuthuupeksha/Documents/Academic/internship/axis2-1.6.2/lib/jalopy-1.5rc3.jar
PATH: /Users/dimuthuupeksha/Documents/Academic/internship/axis2-1.6.2/lib/jaxb-api-2.1.jar
PATH: /Users/dimuthuupeksha/Documents/Academic/internship/axis2-1.6.2/lib/jaxb-impl-2.1.7.jar
PATH: /Users/dimuthuupeksha/Documents/Academic/internship/axis2-1.6.2/lib/jaxb-xjc-2.1.7.jar
PATH: /Users/dimuthuupeksha/Documents/Academic/internship/axis2-1.6.2/lib/jaxen-1.1.1.jar
PATH: /Users/dimuthuupeksha/Documents/Academic/internship/axis2-1.6.2/lib/jaxws-tools-2.1.3.jar
PATH: /Users/dimuthuupeksha/Documents/Academic/internship/axis2-1.6.2/lib/jettison-1.0-RC2.jar
PATH: /Users/dimuthuupeksha/Documents/Academic/internship/axis2-1.6.2/lib/jibx-bind-1.2.jar
PATH: /Users/dimuthuupeksha/Documents/Academic/internship/axis2-1.6.2/lib/jibx-run-1.2.jar
PATH: /Users/dimuthuupeksha/Documents/Academic/internship/axis2-1.6.2/lib/jsr311-api-1.0.jar
PATH: /Users/dimuthuupeksha/Documents/Academic/internship/axis2-1.6.2/lib/juli-6.0.16.jar
PATH: /Users/dimuthuupeksha/Documents/Academic/internship/axis2-1.6.2/lib/log4j-1.2.15.jar
PATH: /Users/dimuthuupeksha/Documents/Academic/internship/axis2-1.6.2/lib/mail-1.4.jar
PATH: /Users/dimuthuupeksha/Documents/Academic/internship/axis2-1.6.2/lib/mex-1.6.2-impl.jar
PATH: /Users/dimuthuupeksha/Documents/Academic/internship/axis2-1.6.2/lib/neethi-3.0.2.jar
PATH: /Users/dimuthuupeksha/Documents/Academic/internship/axis2-1.6.2/lib/regexp-1.2.jar
PATH: /Users/dimuthuupeksha/Documents/Academic/internship/axis2-1.6.2/lib/tribes-6.0.16.jar
PATH: /Users/dimuthuupeksha/Documents/Academic/internship/axis2-1.6.2/lib/woden-api-1.0M9.jar
PATH: /Users/dimuthuupeksha/Documents/Academic/internship/axis2-1.6.2/lib/woden-impl-commons-1.0M9.jar
PATH: /Users/dimuthuupeksha/Documents/Academic/internship/axis2-1.6.2/lib/woden-impl-dom-1.0M9.jar
PATH: /Users/dimuthuupeksha/Documents/Academic/internship/axis2-1.6.2/lib/wsdl4j-1.6.2.jar
PATH: /Users/dimuthuupeksha/Documents/Academic/internship/axis2-1.6.2/lib/wstx-asl-3.2.9.jar
PATH: /Users/dimuthuupeksha/Documents/Academic/internship/axis2-1.6.2/lib/xalan-2.7.0.jar
PATH: /Users/dimuthuupeksha/Documents/Academic/internship/axis2-1.6.2/lib/xml-resolver-1.2.jar
PATH: /Users/dimuthuupeksha/Documents/Academic/internship/axis2-1.6.2/lib/xmlbeans-2.3.0.jar
PATH: /Users/dimuthuupeksha/Documents/Academic/buck/buck/bin


## ----------- ##
## Core tests. ##
## ----------- ##

configure:2349: checking build system type
configure:2363: result: i386-apple-darwin13.1.0
configure:2383: checking host system type
configure:2396: result: i386-apple-darwin13.1.0
configure:2464: checking for gcc
configure:2491: result: g++
configure:2720: checking for C compiler version
configure:2729: g++ --version >&5
Apple LLVM version 5.0 (clang-500.2.79) (based on LLVM 3.3svn)
Target: x86_64-apple-darwin13.1.0
Thread model: posix
Configured with: --prefix=/Applications/Xcode.app/Contents/Developer/usr --with-gxx-include-dir=/usr/include/c++/4.2.1
configure:2740: $? = 0
configure:2729: g++ -v >&5
Configured with: --prefix=/Applications/Xcode.app/Contents/Developer/usr --with-gxx-include-dir=/usr/include/c++/4.2.1
Apple LLVM version 5.0 (clang-500.2.79) (based on LLVM 3.3svn)
Target: x86_64-apple-darwin13.1.0
Thread model: posix
configure:2740: $? = 0
configure:2729: g++ -V >&5
clang: error: argument to '-V' is missing (expected 1 value)
clang: error: no input files
configure:2740: $? = 1
configure:2729: g++ -qversion >&5
clang: error: no input files
configure:2740: $? = 1
configure:2760: checking whether the C compiler works
configure:2782: g++    conftest.c  >&5
clang: warning: treating 'c' input as 'c++' when in C++ mode, this behavior is deprecated
configure:2786: $? = 0
configure:2835: result: yes
configure:2838: checking for C compiler default output file name
configure:2840: result: a.out
configure:2846: checking for suffix of executables
configure:2853: g++ -o conftest    conftest.c  >&5
clang: warning: treating 'c' input as 'c++' when in C++ mode, this behavior is deprecated
configure:2857: $? = 0
configure:2879: result: 
configure:2901: checking whether we are cross compiling
configure:2909: g++ -o conftest    conftest.c  >&5
clang: warning: treating 'c' input as 'c++' when in C++ mode, this behavior is deprecated
configure:2913: $? = 0
configure:2920: ./conftest
configure:2924: $? = 0
configure:2939: result: no
configure:2944: checking for suffix of object files
configure:2966: g++ -c   conftest.c >&5
clang: warning: treating 'c' input as 'c++' when in C++ mode, this behavior is deprecated
configure:2970: $? = 0
configure:2991: result: o
configure:2995: checking whether we are using the GNU C compiler
configure:3014: g++ -c   conftest.c >&5
clang: warning: treating 'c' input as 'c++' when in C++ mode, this behavior is deprecated
configure:3014: $? = 0
configure:3023: result: yes
configure:3032: checking whether g++ accepts -g
configure:3052: g++ -c -g  conftest.c >&5
clang: warning: treating 'c' input as 'c++' when in C++ mode, this behavior is deprecated
configure:3052: $? = 0
configure: failed program was:
| /* confdefs.h */
| #define PACKAGE_NAME "leptonica"
| #define PACKAGE_TARNAME "leptonica"
| #define PACKAGE_VERSION "1.69"
| #define PACKAGE_STRING "leptonica 1.69"
| #define PACKAGE_BUGREPORT "dan.bloomberg@gmail.com"
| #define PACKAGE_URL ""
| /* end confdefs.h.  */
| 
| int
| main ()
| {
| 
|   ;
|   return 0;
| }
configure:3067: g++ -c   conftest.c >&5
clang: warning: treating 'c' input as 'c++' when in C++ mode, this behavior is deprecated
configure:3067: $? = 0
configure: failed program was:
| /* confdefs.h */
| #define PACKAGE_NAME "leptonica"
| #define PACKAGE_TARNAME "leptonica"
| #define PACKAGE_VERSION "1.69"
| #define PACKAGE_STRING "leptonica 1.69"
| #define PACKAGE_BUGREPORT "dan.bloomberg@gmail.com"
| #define PACKAGE_URL ""
| /* end confdefs.h.  */
| 
| int
| main ()
| {
| 
|   ;
|   return 0;
| }
configure:3083: g++ -c -g  conftest.c >&5
clang: warning: treating 'c' input as 'c++' when in C++ mode, this behavior is deprecated
configure:3083: $? = 0
configure:3093: result: yes
configure:3110: checking for g++ option to accept ISO C89
configure:3174: g++  -c -g -O2  conftest.c >&5
clang: warning: treating 'c' input as 'c++' when in C++ mode, this behavior is deprecated
conftest.c:16:17: error: C++ requires a type specifier for all declarations
static char *e (p, i)
                ^
conftest.c:16:20: error: unknown type name 'i'
static char *e (p, i)
                   ^
conftest.c:16:22: error: expected ';' after top level declarator
static char *e (p, i)
                     ^
                     ;
conftest.c:19:1: error: expected unqualified-id
{
^
4 errors generated.
configure:3174: $? = 1
configure: failed program was:
| /* confdefs.h */
| #define PACKAGE_NAME "leptonica"
| #define PACKAGE_TARNAME "leptonica"
| #define PACKAGE_VERSION "1.69"
| #define PACKAGE_STRING "leptonica 1.69"
| #define PACKAGE_BUGREPORT "dan.bloomberg@gmail.com"
| #define PACKAGE_URL ""
| /* end confdefs.h.  */
| #include <stdarg.h>
| #include <stdio.h>
| #include <sys/types.h>
| #include <sys/stat.h>
| /* Most of the following tests are stolen from RCS 5.7's src/conf.sh.  */
| struct buf { int x; };
| FILE * (*rcsopen) (struct buf *, struct stat *, int);
| static char *e (p, i)
|      char **p;
|      int i;
| {
|   return p[i];
| }
| static char *f (char * (*g) (char **, int), char **p, ...)
| {
|   char *s;
|   va_list v;
|   va_start (v,p);
|   s = g (p, va_arg (v,int));
|   va_end (v);
|   return s;
| }
| 
| /* OSF 4.0 Compaq cc is some sort of almost-ANSI by default.  It has
|    function prototypes and stuff, but not '\xHH' hex character constants.
|    These don't provoke an error unfortunately, instead are silently treated
|    as 'x'.  The following induces an error, until -std is added to get
|    proper ANSI mode.  Curiously '\x00'!='x' always comes out true, for an
|    array size at least.  It's necessary to write '\x00'==0 to get something
|    that's true only with -std.  */
| int osf4_cc_array ['\x00' == 0 ? 1 : -1];
| 
| /* IBM C 6 for AIX is almost-ANSI by default, but it replaces macro parameters
|    inside strings and character constants.  */
| #define FOO(x) 'x'
| int xlc6_cc_array[FOO(a) == 'x' ? 1 : -1];
| 
| int test (int i, double x);
| struct s1 {int (*f) (int a);};
| struct s2 {int (*f) (double a);};
| int pairnames (int, char **, FILE *(*)(struct buf *, struct stat *, int), int, int);
| int argc;
| char **argv;
| int
| main ()
| {
| return f (e, argv, 0) != argv[0]  ||  f (e, argv, 1) != argv[1];
|   ;
|   return 0;
| }
configure:3174: g++ -qlanglvl=extc89 -c -g -O2  conftest.c >&5
clang: warning: treating 'c' input as 'c++' when in C++ mode, this behavior is deprecated
clang: warning: argument unused during compilation: '-qlanglvl=extc89'
conftest.c:16:17: error: C++ requires a type specifier for all declarations
static char *e (p, i)
                ^
conftest.c:16:20: error: unknown type name 'i'
static char *e (p, i)
                   ^
conftest.c:16:22: error: expected ';' after top level declarator
static char *e (p, i)
                     ^
                     ;
conftest.c:19:1: error: expected unqualified-id
{
^
4 errors generated.
configure:3174: $? = 1
configure: failed program was:
| /* confdefs.h */
| #define PACKAGE_NAME "leptonica"
| #define PACKAGE_TARNAME "leptonica"
| #define PACKAGE_VERSION "1.69"
| #define PACKAGE_STRING "leptonica 1.69"
| #define PACKAGE_BUGREPORT "dan.bloomberg@gmail.com"
| #define PACKAGE_URL ""
| /* end confdefs.h.  */
| #include <stdarg.h>
| #include <stdio.h>
| #include <sys/types.h>
| #include <sys/stat.h>
| /* Most of the following tests are stolen from RCS 5.7's src/conf.sh.  */
| struct buf { int x; };
| FILE * (*rcsopen) (struct buf *, struct stat *, int);
| static char *e (p, i)
|      char **p;
|      int i;
| {
|   return p[i];
| }
| static char *f (char * (*g) (char **, int), char **p, ...)
| {
|   char *s;
|   va_list v;
|   va_start (v,p);
|   s = g (p, va_arg (v,int));
|   va_end (v);
|   return s;
| }
| 
| /* OSF 4.0 Compaq cc is some sort of almost-ANSI by default.  It has
|    function prototypes and stuff, but not '\xHH' hex character constants.
|    These don't provoke an error unfortunately, instead are silently treated
|    as 'x'.  The following induces an error, until -std is added to get
|    proper ANSI mode.  Curiously '\x00'!='x' always comes out true, for an
|    array size at least.  It's necessary to write '\x00'==0 to get something
|    that's true only with -std.  */
| int osf4_cc_array ['\x00' == 0 ? 1 : -1];
| 
| /* IBM C 6 for AIX is almost-ANSI by default, but it replaces macro parameters
|    inside strings and character constants.  */
| #define FOO(x) 'x'
| int xlc6_cc_array[FOO(a) == 'x' ? 1 : -1];
| 
| int test (int i, double x);
| struct s1 {int (*f) (int a);};
| struct s2 {int (*f) (double a);};
| int pairnames (int, char **, FILE *(*)(struct buf *, struct stat *, int), int, int);
| int argc;
| char **argv;
| int
| main ()
| {
| return f (e, argv, 0) != argv[0]  ||  f (e, argv, 1) != argv[1];
|   ;
|   return 0;
| }
configure:3174: g++ -qlanglvl=ansi -c -g -O2  conftest.c >&5
clang: warning: treating 'c' input as 'c++' when in C++ mode, this behavior is deprecated
clang: warning: argument unused during compilation: '-qlanglvl=ansi'
conftest.c:16:17: error: C++ requires a type specifier for all declarations
static char *e (p, i)
                ^
conftest.c:16:20: error: unknown type name 'i'
static char *e (p, i)
                   ^
conftest.c:16:22: error: expected ';' after top level declarator
static char *e (p, i)
                     ^
                     ;
conftest.c:19:1: error: expected unqualified-id
{
^
4 errors generated.
configure:3174: $? = 1
configure: failed program was:
| /* confdefs.h */
| #define PACKAGE_NAME "leptonica"
| #define PACKAGE_TARNAME "leptonica"
| #define PACKAGE_VERSION "1.69"
| #define PACKAGE_STRING "leptonica 1.69"
| #define PACKAGE_BUGREPORT "dan.bloomberg@gmail.com"
| #define PACKAGE_URL ""
| /* end confdefs.h.  */
| #include <stdarg.h>
| #include <stdio.h>
| #include <sys/types.h>
| #include <sys/stat.h>
| /* Most of the following tests are stolen from RCS 5.7's src/conf.sh.  */
| struct buf { int x; };
| FILE * (*rcsopen) (struct buf *, struct stat *, int);
| static char *e (p, i)
|      char **p;
|      int i;
| {
|   return p[i];
| }
| static char *f (char * (*g) (char **, int), char **p, ...)
| {
|   char *s;
|   va_list v;
|   va_start (v,p);
|   s = g (p, va_arg (v,int));
|   va_end (v);
|   return s;
| }
| 
| /* OSF 4.0 Compaq cc is some sort of almost-ANSI by default.  It has
|    function prototypes and stuff, but not '\xHH' hex character constants.
|    These don't provoke an error unfortunately, instead are silently treated
|    as 'x'.  The following induces an error, until -std is added to get
|    proper ANSI mode.  Curiously '\x00'!='x' always comes out true, for an
|    array size at least.  It's necessary to write '\x00'==0 to get something
|    that's true only with -std.  */
| int osf4_cc_array ['\x00' == 0 ? 1 : -1];
| 
| /* IBM C 6 for AIX is almost-ANSI by default, but it replaces macro parameters
|    inside strings and character constants.  */
| #define FOO(x) 'x'
| int xlc6_cc_array[FOO(a) == 'x' ? 1 : -1];
| 
| int test (int i, double x);
| struct s1 {int (*f) (int a);};
| struct s2 {int (*f) (double a);};
| int pairnames (int, char **, FILE *(*)(struct buf *, struct stat *, int), int, int);
| int argc;
| char **argv;
| int
| main ()
| {
| return f (e, argv, 0) != argv[0]  ||  f (e, argv, 1) != argv[1];
|   ;
|   return 0;
| }
configure:3174: g++ -std -c -g -O2  conftest.c >&5
clang: warning: treating 'c' input as 'c++' when in C++ mode, this behavior is deprecated
clang: warning: argument unused during compilation: '-std'
conftest.c:16:17: error: C++ requires a type specifier for all declarations
static char *e (p, i)
                ^
conftest.c:16:20: error: unknown type name 'i'
static char *e (p, i)
                   ^
conftest.c:16:22: error: expected ';' after top level declarator
static char *e (p, i)
                     ^
                     ;
conftest.c:19:1: error: expected unqualified-id
{
^
4 errors generated.
configure:3174: $? = 1
configure: failed program was:
| /* confdefs.h */
| #define PACKAGE_NAME "leptonica"
| #define PACKAGE_TARNAME "leptonica"
| #define PACKAGE_VERSION "1.69"
| #define PACKAGE_STRING "leptonica 1.69"
| #define PACKAGE_BUGREPORT "dan.bloomberg@gmail.com"
| #define PACKAGE_URL ""
| /* end confdefs.h.  */
| #include <stdarg.h>
| #include <stdio.h>
| #include <sys/types.h>
| #include <sys/stat.h>
| /* Most of the following tests are stolen from RCS 5.7's src/conf.sh.  */
| struct buf { int x; };
| FILE * (*rcsopen) (struct buf *, struct stat *, int);
| static char *e (p, i)
|      char **p;
|      int i;
| {
|   return p[i];
| }
| static char *f (char * (*g) (char **, int), char **p, ...)
| {
|   char *s;
|   va_list v;
|   va_start (v,p);
|   s = g (p, va_arg (v,int));
|   va_end (v);
|   return s;
| }
| 
| /* OSF 4.0 Compaq cc is some sort of almost-ANSI by default.  It has
|    function prototypes and stuff, but not '\xHH' hex character constants.
|    These don't provoke an error unfortunately, instead are silently treated
|    as 'x'.  The following induces an error, until -std is added to get
|    proper ANSI mode.  Curiously '\x00'!='x' always comes out true, for an
|    array size at least.  It's necessary to write '\x00'==0 to get something
|    that's true only with -std.  */
| int osf4_cc_array ['\x00' == 0 ? 1 : -1];
| 
| /* IBM C 6 for AIX is almost-ANSI by default, but it replaces macro parameters
|    inside strings and character constants.  */
| #define FOO(x) 'x'
| int xlc6_cc_array[FOO(a) == 'x' ? 1 : -1];
| 
| int test (int i, double x);
| struct s1 {int (*f) (int a);};
| struct s2 {int (*f) (double a);};
| int pairnames (int, char **, FILE *(*)(struct buf *, struct stat *, int), int, int);
| int argc;
| char **argv;
| int
| main ()
| {
| return f (e, argv, 0) != argv[0]  ||  f (e, argv, 1) != argv[1];
|   ;
|   return 0;
| }
configure:3174: g++ -Ae -c -g -O2  conftest.c >&5
clang: warning: treating 'c' input as 'c++' when in C++ mode, this behavior is deprecated
clang: warning: argument unused during compilation: '-A e'
conftest.c:16:17: error: C++ requires a type specifier for all declarations
static char *e (p, i)
                ^
conftest.c:16:20: error: unknown type name 'i'
static char *e (p, i)
                   ^
conftest.c:16:22: error: expected ';' after top level declarator
static char *e (p, i)
                     ^
                     ;
conftest.c:19:1: error: expected unqualified-id
{
^
4 errors generated.
configure:3174: $? = 1
configure: failed program was:
| /* confdefs.h */
| #define PACKAGE_NAME "leptonica"
| #define PACKAGE_TARNAME "leptonica"
| #define PACKAGE_VERSION "1.69"
| #define PACKAGE_STRING "leptonica 1.69"
| #define PACKAGE_BUGREPORT "dan.bloomberg@gmail.com"
| #define PACKAGE_URL ""
| /* end confdefs.h.  */
| #include <stdarg.h>
| #include <stdio.h>
| #include <sys/types.h>
| #include <sys/stat.h>
| /* Most of the following tests are stolen from RCS 5.7's src/conf.sh.  */
| struct buf { int x; };
| FILE * (*rcsopen) (struct buf *, struct stat *, int);
| static char *e (p, i)
|      char **p;
|      int i;
| {
|   return p[i];
| }
| static char *f (char * (*g) (char **, int), char **p, ...)
| {
|   char *s;
|   va_list v;
|   va_start (v,p);
|   s = g (p, va_arg (v,int));
|   va_end (v);
|   return s;
| }
| 
| /* OSF 4.0 Compaq cc is some sort of almost-ANSI by default.  It has
|    function prototypes and stuff, but not '\xHH' hex character constants.
|    These don't provoke an error unfortunately, instead are silently treated
|    as 'x'.  The following induces an error, until -std is added to get
|    proper ANSI mode.  Curiously '\x00'!='x' always comes out true, for an
|    array size at least.  It's necessary to write '\x00'==0 to get something
|    that's true only with -std.  */
| int osf4_cc_array ['\x00' == 0 ? 1 : -1];
| 
| /* IBM C 6 for AIX is almost-ANSI by default, but it replaces macro parameters
|    inside strings and character constants.  */
| #define FOO(x) 'x'
| int xlc6_cc_array[FOO(a) == 'x' ? 1 : -1];
| 
| int test (int i, double x);
| struct s1 {int (*f) (int a);};
| struct s2 {int (*f) (double a);};
| int pairnames (int, char **, FILE *(*)(struct buf *, struct stat *, int), int, int);
| int argc;
| char **argv;
| int
| main ()
| {
| return f (e, argv, 0) != argv[0]  ||  f (e, argv, 1) != argv[1];
|   ;
|   return 0;
| }
configure:3174: g++ -Aa -D_HPUX_SOURCE -c -g -O2  conftest.c >&5
clang: warning: treating 'c' input as 'c++' when in C++ mode, this behavior is deprecated
clang: warning: argument unused during compilation: '-A a'
conftest.c:16:17: error: C++ requires a type specifier for all declarations
static char *e (p, i)
                ^
conftest.c:16:20: error: unknown type name 'i'
static char *e (p, i)
                   ^
conftest.c:16:22: error: expected ';' after top level declarator
static char *e (p, i)
                     ^
                     ;
conftest.c:19:1: error: expected unqualified-id
{
^
4 errors generated.
configure:3174: $? = 1
configure: failed program was:
| /* confdefs.h */
| #define PACKAGE_NAME "leptonica"
| #define PACKAGE_TARNAME "leptonica"
| #define PACKAGE_VERSION "1.69"
| #define PACKAGE_STRING "leptonica 1.69"
| #define PACKAGE_BUGREPORT "dan.bloomberg@gmail.com"
| #define PACKAGE_URL ""
| /* end confdefs.h.  */
| #include <stdarg.h>
| #include <stdio.h>
| #include <sys/types.h>
| #include <sys/stat.h>
| /* Most of the following tests are stolen from RCS 5.7's src/conf.sh.  */
| struct buf { int x; };
| FILE * (*rcsopen) (struct buf *, struct stat *, int);
| static char *e (p, i)
|      char **p;
|      int i;
| {
|   return p[i];
| }
| static char *f (char * (*g) (char **, int), char **p, ...)
| {
|   char *s;
|   va_list v;
|   va_start (v,p);
|   s = g (p, va_arg (v,int));
|   va_end (v);
|   return s;
| }
| 
| /* OSF 4.0 Compaq cc is some sort of almost-ANSI by default.  It has
|    function prototypes and stuff, but not '\xHH' hex character constants.
|    These don't provoke an error unfortunately, instead are silently treated
|    as 'x'.  The following induces an error, until -std is added to get
|    proper ANSI mode.  Curiously '\x00'!='x' always comes out true, for an
|    array size at least.  It's necessary to write '\x00'==0 to get something
|    that's true only with -std.  */
| int osf4_cc_array ['\x00' == 0 ? 1 : -1];
| 
| /* IBM C 6 for AIX is almost-ANSI by default, but it replaces macro parameters
|    inside strings and character constants.  */
| #define FOO(x) 'x'
| int xlc6_cc_array[FOO(a) == 'x' ? 1 : -1];
| 
| int test (int i, double x);
| struct s1 {int (*f) (int a);};
| struct s2 {int (*f) (double a);};
| int pairnames (int, char **, FILE *(*)(struct buf *, struct stat *, int), int, int);
| int argc;
| char **argv;
| int
| main ()
| {
| return f (e, argv, 0) != argv[0]  ||  f (e, argv, 1) != argv[1];
|   ;
|   return 0;
| }
configure:3174: g++ -Xc -D__EXTENSIONS__ -c -g -O2  conftest.c >&5
clang: warning: treating 'c' input as 'c++' when in C++ mode, this behavior is deprecated
clang: warning: argument unused during compilation: '-Xc'
conftest.c:16:17: error: C++ requires a type specifier for all declarations
static char *e (p, i)
                ^
conftest.c:16:20: error: unknown type name 'i'
static char *e (p, i)
                   ^
conftest.c:16:22: error: expected ';' after top level declarator
static char *e (p, i)
                     ^
                     ;
conftest.c:19:1: error: expected unqualified-id
{
^
4 errors generated.
configure:3174: $? = 1
configure: failed program was:
| /* confdefs.h */
| #define PACKAGE_NAME "leptonica"
| #define PACKAGE_TARNAME "leptonica"
| #define PACKAGE_VERSION "1.69"
| #define PACKAGE_STRING "leptonica 1.69"
| #define PACKAGE_BUGREPORT "dan.bloomberg@gmail.com"
| #define PACKAGE_URL ""
| /* end confdefs.h.  */
| #include <stdarg.h>
| #include <stdio.h>
| #include <sys/types.h>
| #include <sys/stat.h>
| /* Most of the following tests are stolen from RCS 5.7's src/conf.sh.  */
| struct buf { int x; };
| FILE * (*rcsopen) (struct buf *, struct stat *, int);
| static char *e (p, i)
|      char **p;
|      int i;
| {
|   return p[i];
| }
| static char *f (char * (*g) (char **, int), char **p, ...)
| {
|   char *s;
|   va_list v;
|   va_start (v,p);
|   s = g (p, va_arg (v,int));
|   va_end (v);
|   return s;
| }
| 
| /* OSF 4.0 Compaq cc is some sort of almost-ANSI by default.  It has
|    function prototypes and stuff, but not '\xHH' hex character constants.
|    These don't provoke an error unfortunately, instead are silently treated
|    as 'x'.  The following induces an error, until -std is added to get
|    proper ANSI mode.  Curiously '\x00'!='x' always comes out true, for an
|    array size at least.  It's necessary to write '\x00'==0 to get something
|    that's true only with -std.  */
| int osf4_cc_array ['\x00' == 0 ? 1 : -1];
| 
| /* IBM C 6 for AIX is almost-ANSI by default, but it replaces macro parameters
|    inside strings and character constants.  */
| #define FOO(x) 'x'
| int xlc6_cc_array[FOO(a) == 'x' ? 1 : -1];
| 
| int test (int i, double x);
| struct s1 {int (*f) (int a);};
| struct s2 {int (*f) (double a);};
| int pairnames (int, char **, FILE *(*)(struct buf *, struct stat *, int), int, int);
| int argc;
| char **argv;
| int
| main ()
| {
| return f (e, argv, 0) != argv[0]  ||  f (e, argv, 1) != argv[1];
|   ;
|   return 0;
| }
configure:3190: result: unsupported
configure:3207: checking for a sed that does not truncate output
configure:3271: result: /usr/bin/sed
configure:3289: checking for grep that handles long lines and -e
configure:3347: result: /usr/bin/grep
configure:3352: checking for egrep
configure:3414: result: /usr/bin/grep -E
configure:3419: checking for fgrep
configure:3481: result: /usr/bin/grep -F
configure:3516: checking for ld used by g++
configure:3583: result: /Applications/Xcode.app/Contents/Developer/Toolchains/OSX10.8.xctoolchain/usr/bin/ld
configure:3590: checking if the linker (/Applications/Xcode.app/Contents/Developer/Toolchains/OSX10.8.xctoolchain/usr/bin/ld) is GNU ld
configure:3605: result: no
configure:3617: checking for BSD- or MS-compatible name lister (nm)
configure:3666: result: /usr/bin/nm
configure:3784: checking the name lister (/usr/bin/nm) interface
configure:3787: g++ -c -g -O2  conftest.c >&5
clang: warning: treating 'c' input as 'c++' when in C++ mode, this behavior is deprecated
configure:3790: /usr/bin/nm "conftest.o"
configure:3793: output
0000000000000240 S _some_variable
configure:3804: result: BSD nm
configure:3807: checking whether ln -s works
configure:3811: result: yes
configure:3819: checking the maximum length of command line arguments
configure:3939: result: 196608
configure:3956: checking whether the shell understands some XSI constructs
configure:3966: result: yes
configure:3970: checking whether the shell understands "+="
configure:3976: result: yes
configure:4011: checking for /Applications/Xcode.app/Contents/Developer/Toolchains/OSX10.8.xctoolchain/usr/bin/ld option to reload object files
configure:4018: result: -r
configure:4087: checking for objdump
configure:4117: result: no
configure:4146: checking how to recognize dependent libraries
configure:4342: result: pass_all
configure:4402: checking for ar
configure:4418: found /usr/bin/ar
configure:4429: result: ar
configure:4507: checking for strip
configure:4523: found /usr/bin/strip
configure:4534: result: strip
configure:4606: checking for ranlib
configure:4622: found /usr/bin/ranlib
configure:4633: result: ranlib
configure:4723: checking command to parse /usr/bin/nm output from g++ object
configure:4841: g++ -c -g -O2  conftest.c >&5
clang: warning: treating 'c' input as 'c++' when in C++ mode, this behavior is deprecated
configure:4844: $? = 0
configure:4848: /usr/bin/nm conftest.o \| sed -n -e 's/^.*[	 ]\([BCDEGRST][BCDEGRST]*\)[	 ][	 ]*\([_A-Za-z][_A-Za-z0-9]*\)$/\1 \2 \2/p' \> conftest.nm
configure:4851: $? = 0
cannot find nm_test_var in conftest.nm
configure:4841: g++ -c -g -O2  conftest.c >&5
clang: warning: treating 'c' input as 'c++' when in C++ mode, this behavior is deprecated
configure:4844: $? = 0
configure:4848: /usr/bin/nm conftest.o \| sed -n -e 's/^.*[	 ]\([BCDEGRST][BCDEGRST]*\)[	 ][	 ]*_\([_A-Za-z][_A-Za-z0-9]*\)$/\1 _\2 \2/p' \> conftest.nm
configure:4851: $? = 0
configure:4905: g++ -o conftest -g -O2   conftest.c conftstm.o >&5
clang: warning: treating 'c' input as 'c++' when in C++ mode, this behavior is deprecated
configure:4908: $? = 0
configure:4946: result: ok
configure:5211: checking for dsymutil
configure:5227: found /usr/bin/dsymutil
configure:5238: result: dsymutil
configure:5303: checking for nmedit
configure:5319: found /usr/bin/nmedit
configure:5330: result: nmedit
configure:5395: checking for lipo
configure:5411: found /usr/bin/lipo
configure:5422: result: lipo
configure:5487: checking for otool
configure:5503: found /usr/bin/otool
configure:5514: result: otool
configure:5579: checking for otool64
configure:5609: result: no
configure:5654: checking for -single_module linker flag
g++ -g -O2  -o libconftest.dylib -dynamiclib -Wl,-single_module conftest.c
clang: warning: treating 'c' input as 'c++' when in C++ mode, this behavior is deprecated
configure:5681: result: no
configure:5683: checking for -exported_symbols_list linker flag
configure:5703: g++ -o conftest -g -O2   -Wl,-exported_symbols_list,conftest.sym conftest.c  >&5
clang: warning: treating 'c' input as 'c++' when in C++ mode, this behavior is deprecated
configure:5703: $? = 0
configure:5713: result: yes
configure:5755: checking how to run the C preprocessor
configure:5786: g++ -E  conftest.c
clang: warning: treating 'c' input as 'c++' when in C++ mode, this behavior is deprecated
configure:5786: $? = 0
configure:5800: g++ -E  conftest.c
clang: warning: treating 'c' input as 'c++' when in C++ mode, this behavior is deprecated
conftest.c:9:10: fatal error: 'ac_nonexistent.h' file not found
#include <ac_nonexistent.h>
         ^
1 error generated.
configure:5800: $? = 1
configure: failed program was:
| /* confdefs.h */
| #define PACKAGE_NAME "leptonica"
| #define PACKAGE_TARNAME "leptonica"
| #define PACKAGE_VERSION "1.69"
| #define PACKAGE_STRING "leptonica 1.69"
| #define PACKAGE_BUGREPORT "dan.bloomberg@gmail.com"
| #define PACKAGE_URL ""
| /* end confdefs.h.  */
| #include <ac_nonexistent.h>
configure:5825: result: g++ -E
configure:5845: g++ -E  conftest.c
clang: warning: treating 'c' input as 'c++' when in C++ mode, this behavior is deprecated
configure:5845: $? = 0
configure:5859: g++ -E  conftest.c
clang: warning: treating 'c' input as 'c++' when in C++ mode, this behavior is deprecated
conftest.c:9:10: fatal error: 'ac_nonexistent.h' file not found
#include <ac_nonexistent.h>
         ^
1 error generated.
configure:5859: $? = 1
configure: failed program was:
| /* confdefs.h */
| #define PACKAGE_NAME "leptonica"
| #define PACKAGE_TARNAME "leptonica"
| #define PACKAGE_VERSION "1.69"
| #define PACKAGE_STRING "leptonica 1.69"
| #define PACKAGE_BUGREPORT "dan.bloomberg@gmail.com"
| #define PACKAGE_URL ""
| /* end confdefs.h.  */
| #include <ac_nonexistent.h>
configure:5888: checking for ANSI C header files
configure:5908: g++ -c -g -O2  conftest.c >&5
clang: warning: treating 'c' input as 'c++' when in C++ mode, this behavior is deprecated
configure:5908: $? = 0
clang: warning: treating 'c' input as 'c++' when in C++ mode, this behavior is deprecated
clang: warning: treating 'c' input as 'c++' when in C++ mode, this behavior is deprecated
configure:5981: g++ -o conftest -g -O2   conftest.c  >&5
clang: warning: treating 'c' input as 'c++' when in C++ mode, this behavior is deprecated
configure:5981: $? = 0
configure:5981: ./conftest
configure:5981: $? = 0
configure:5992: result: yes
configure:6005: checking for sys/types.h
configure:6005: g++ -c -g -O2  conftest.c >&5
clang: warning: treating 'c' input as 'c++' when in C++ mode, this behavior is deprecated
configure:6005: $? = 0
configure:6005: result: yes
configure:6005: checking for sys/stat.h
configure:6005: g++ -c -g -O2  conftest.c >&5
clang: warning: treating 'c' input as 'c++' when in C++ mode, this behavior is deprecated
configure:6005: $? = 0
configure:6005: result: yes
configure:6005: checking for stdlib.h
configure:6005: g++ -c -g -O2  conftest.c >&5
clang: warning: treating 'c' input as 'c++' when in C++ mode, this behavior is deprecated
configure:6005: $? = 0
configure:6005: result: yes
configure:6005: checking for string.h
configure:6005: g++ -c -g -O2  conftest.c >&5
clang: warning: treating 'c' input as 'c++' when in C++ mode, this behavior is deprecated
configure:6005: $? = 0
configure:6005: result: yes
configure:6005: checking for memory.h
configure:6005: g++ -c -g -O2  conftest.c >&5
clang: warning: treating 'c' input as 'c++' when in C++ mode, this behavior is deprecated
configure:6005: $? = 0
configure:6005: result: yes
configure:6005: checking for strings.h
configure:6005: g++ -c -g -O2  conftest.c >&5
clang: warning: treating 'c' input as 'c++' when in C++ mode, this behavior is deprecated
configure:6005: $? = 0
configure:6005: result: yes
configure:6005: checking for inttypes.h
configure:6005: g++ -c -g -O2  conftest.c >&5
clang: warning: treating 'c' input as 'c++' when in C++ mode, this behavior is deprecated
configure:6005: $? = 0
configure:6005: result: yes
configure:6005: checking for stdint.h
configure:6005: g++ -c -g -O2  conftest.c >&5
clang: warning: treating 'c' input as 'c++' when in C++ mode, this behavior is deprecated
configure:6005: $? = 0
configure:6005: result: yes
configure:6005: checking for unistd.h
configure:6005: g++ -c -g -O2  conftest.c >&5
clang: warning: treating 'c' input as 'c++' when in C++ mode, this behavior is deprecated
configure:6005: $? = 0
configure:6005: result: yes
configure:6020: checking for dlfcn.h
configure:6020: g++ -c -g -O2  conftest.c >&5
clang: warning: treating 'c' input as 'c++' when in C++ mode, this behavior is deprecated
configure:6020: $? = 0
configure:6020: result: yes
configure:6204: checking for objdir
configure:6219: result: .libs
configure:6511: checking if g++ supports -fno-rtti -fno-exceptions
configure:6525: g++ -c -g -O2  -fno-rtti -fno-exceptions conftest.c >&5
clang: warning: treating 'c' input as 'c++' when in C++ mode, this behavior is deprecated
configure:6529: $? = 0
configure:6546: result: yes
configure:6566: checking for g++ option to produce PIC
configure:6838: result: -fno-common -DPIC
configure:6850: checking if g++ PIC flag -fno-common -DPIC works
configure:6864: g++ -c -g -O2  -fno-common -DPIC -DPIC conftest.c >&5
clang: warning: treating 'c' input as 'c++' when in C++ mode, this behavior is deprecated
configure:6868: $? = 0
configure:6885: result: yes
configure:6909: checking if g++ static flag -static works
configure:6937: result: no
configure:6952: checking if g++ supports -c -o file.o
configure:6969: g++ -c -g -O2  -o out/conftest2.o conftest.c >&5
clang: warning: treating 'c' input as 'c++' when in C++ mode, this behavior is deprecated
configure:6973: $? = 0
configure:6999: result: yes
configure:7007: checking if g++ supports -c -o file.o
configure:7054: result: yes
configure:7087: checking whether the g++ linker (/Applications/Xcode.app/Contents/Developer/Toolchains/OSX10.8.xctoolchain/usr/bin/ld) supports shared libraries
configure:8078: result: yes
configure:8317: checking dynamic linker characteristics
configure:8980: result: darwin13.1.0 dyld
configure:9082: checking how to hardcode library paths into programs
configure:9107: result: immediate
configure:9627: checking whether stripping libraries is possible
configure:9641: result: yes
configure:9667: checking if libtool supports shared libraries
configure:9669: result: yes
configure:9672: checking whether to build shared libraries
configure:9693: result: yes
configure:9696: checking whether to build static libraries
configure:9700: result: yes
configure:9752: checking for a BSD-compatible install
configure:9820: result: /usr/bin/install -c
configure:9831: checking whether build environment is sane
configure:9881: result: yes
configure:10022: checking for a thread-safe mkdir -p
configure:10061: result: config/install-sh -c -d
configure:10074: checking for gawk
configure:10104: result: no
configure:10074: checking for mawk
configure:10104: result: no
configure:10074: checking for nawk
configure:10104: result: no
configure:10074: checking for awk
configure:10090: found /usr/bin/awk
configure:10101: result: awk
configure:10112: checking whether make sets $(MAKE)
configure:10134: result: yes
configure:10164: checking for style of include used by make
configure:10192: result: GNU
configure:10277: checking dependency style of g++
configure:10387: result: gcc3
configure:10416: checking for gawk
configure:10443: result: awk
configure:10502: checking for gcc
configure:10529: result: g++
configure:10758: checking for C compiler version
configure:10767: g++ --version >&5
Apple LLVM version 5.0 (clang-500.2.79) (based on LLVM 3.3svn)
Target: x86_64-apple-darwin13.1.0
Thread model: posix
Configured with: --prefix=/Applications/Xcode.app/Contents/Developer/usr --with-gxx-include-dir=/usr/include/c++/4.2.1
configure:10778: $? = 0
configure:10767: g++ -v >&5
Configured with: --prefix=/Applications/Xcode.app/Contents/Developer/usr --with-gxx-include-dir=/usr/include/c++/4.2.1
Apple LLVM version 5.0 (clang-500.2.79) (based on LLVM 3.3svn)
Target: x86_64-apple-darwin13.1.0
Thread model: posix
configure:10778: $? = 0
configure:10767: g++ -V >&5
clang: error: argument to '-V' is missing (expected 1 value)
clang: error: no input files
configure:10778: $? = 1
configure:10767: g++ -qversion >&5
clang: error: no input files
configure:10778: $? = 1
configure:10782: checking whether we are using the GNU C compiler
configure:10810: result: yes
configure:10819: checking whether g++ accepts -g
configure:10880: result: yes
configure:10897: checking for g++ option to accept ISO C89
configure:10977: result: unsupported
configure:10999: checking how to run the C preprocessor
configure:11069: result: g++ -E
configure:11089: g++ -E  conftest.c
clang: warning: treating 'c' input as 'c++' when in C++ mode, this behavior is deprecated
configure:11089: $? = 0
configure:11103: g++ -E  conftest.c
clang: warning: treating 'c' input as 'c++' when in C++ mode, this behavior is deprecated
conftest.c:23:10: fatal error: 'ac_nonexistent.h' file not found
#include <ac_nonexistent.h>
         ^
1 error generated.
configure:11103: $? = 1
configure: failed program was:
| /* confdefs.h */
| #define PACKAGE_NAME "leptonica"
| #define PACKAGE_TARNAME "leptonica"
| #define PACKAGE_VERSION "1.69"
| #define PACKAGE_STRING "leptonica 1.69"
| #define PACKAGE_BUGREPORT "dan.bloomberg@gmail.com"
| #define PACKAGE_URL ""
| #define STDC_HEADERS 1
| #define HAVE_SYS_TYPES_H 1
| #define HAVE_SYS_STAT_H 1
| #define HAVE_STDLIB_H 1
| #define HAVE_STRING_H 1
| #define HAVE_MEMORY_H 1
| #define HAVE_STRINGS_H 1
| #define HAVE_INTTYPES_H 1
| #define HAVE_STDINT_H 1
| #define HAVE_UNISTD_H 1
| #define HAVE_DLFCN_H 1
| #define LT_OBJDIR ".libs/"
| #define PACKAGE "leptonica"
| #define VERSION "1.69"
| /* end confdefs.h.  */
| #include <ac_nonexistent.h>
configure:11133: checking whether ln -s works
configure:11137: result: yes
configure:11144: checking whether make sets $(MAKE)
configure:11166: result: yes
configure:11357: checking for deflate in -lz
configure:11382: g++ -o conftest -g -O2   conftest.c -lz   >&5
clang: warning: treating 'c' input as 'c++' when in C++ mode, this behavior is deprecated
configure:11382: $? = 0
configure:11391: result: yes
configure:11409: checking for png_read_png in -lpng
configure:11434: g++ -o conftest -g -O2   conftest.c -lpng   -L/opt/local/lib >&5
clang: warning: treating 'c' input as 'c++' when in C++ mode, this behavior is deprecated
configure:11434: $? = 0
configure:11443: result: yes
configure:11461: checking for jpeg_read_scanlines in -ljpeg
configure:11489: g++ -o conftest -g -O2   conftest.c -ljpeg   -L/opt/local/lib >&5
clang: warning: treating 'c' input as 'c++' when in C++ mode, this behavior is deprecated
configure:11489: $? = 0
configure:11499: result: yes
configure:11517: checking for DGifOpenFileHandle in -lgif
configure:11542: g++ -o conftest -g -O2   conftest.c -lgif   -L/opt/local/lib >&5
clang: warning: treating 'c' input as 'c++' when in C++ mode, this behavior is deprecated
configure:11542: $? = 0
configure:11551: result: yes
configure:11569: checking for TIFFOpen in -ltiff
configure:11595: g++ -o conftest -g -O2   conftest.c -ltiff -L/opt/local/lib -lz -ljpeg
    >&5
clang: warning: treating 'c' input as 'c++' when in C++ mode, this behavior is deprecated
configure:11595: $? = 0
configure:11604: result: yes
configure:11621: checking for WebPGetInfo in -lwebp
configure:11646: g++ -o conftest -g -O2   conftest.c -lwebp   -L/opt/local/lib >&5
clang: warning: treating 'c' input as 'c++' when in C++ mode, this behavior is deprecated
configure:11646: $? = 0
configure:11655: result: yes
configure:11678: checking for size_t
configure:11678: g++ -c -g -O2  conftest.c >&5
clang: warning: treating 'c' input as 'c++' when in C++ mode, this behavior is deprecated
configure:11678: $? = 0
configure:11678: g++ -c -g -O2  conftest.c >&5
clang: warning: treating 'c' input as 'c++' when in C++ mode, this behavior is deprecated
conftest.c:65:21: error: expected expression
if (sizeof ((size_t)))
                    ^
1 error generated.
configure:11678: $? = 1
configure: failed program was:
| /* confdefs.h */
| #define PACKAGE_NAME "leptonica"
| #define PACKAGE_TARNAME "leptonica"
| #define PACKAGE_VERSION "1.69"
| #define PACKAGE_STRING "leptonica 1.69"
| #define PACKAGE_BUGREPORT "dan.bloomberg@gmail.com"
| #define PACKAGE_URL ""
| #define STDC_HEADERS 1
| #define HAVE_SYS_TYPES_H 1
| #define HAVE_SYS_STAT_H 1
| #define HAVE_STDLIB_H 1
| #define HAVE_STRING_H 1
| #define HAVE_MEMORY_H 1
| #define HAVE_STRINGS_H 1
| #define HAVE_INTTYPES_H 1
| #define HAVE_STDINT_H 1
| #define HAVE_UNISTD_H 1
| #define HAVE_DLFCN_H 1
| #define LT_OBJDIR ".libs/"
| #define PACKAGE "leptonica"
| #define VERSION "1.69"
| #define HAVE_LIBZ 1
| #define HAVE_LIBPNG 1
| #define HAVE_LIBJPEG 1
| #define HAVE_LIBGIF 1
| #define HAVE_LIBTIFF 1
| #define HAVE_LIBWEBP 1
| /* end confdefs.h.  */
| #include <stdio.h>
| #ifdef HAVE_SYS_TYPES_H
| # include <sys/types.h>
| #endif
| #ifdef HAVE_SYS_STAT_H
| # include <sys/stat.h>
| #endif
| #ifdef STDC_HEADERS
| # include <stdlib.h>
| # include <stddef.h>
| #else
| # ifdef HAVE_STDLIB_H
| #  include <stdlib.h>
| # endif
| #endif
| #ifdef HAVE_STRING_H
| # if !defined STDC_HEADERS && defined HAVE_MEMORY_H
| #  include <memory.h>
| # endif
| # include <string.h>
| #endif
| #ifdef HAVE_STRINGS_H
| # include <strings.h>
| #endif
| #ifdef HAVE_INTTYPES_H
| # include <inttypes.h>
| #endif
| #ifdef HAVE_STDINT_H
| # include <stdint.h>
| #endif
| #ifdef HAVE_UNISTD_H
| # include <unistd.h>
| #endif
| int
| main ()
| {
| if (sizeof ((size_t)))
| 	    return 0;
|   ;
|   return 0;
| }
configure:11678: result: yes
configure:11689: checking whether byte ordering is bigendian
configure:11704: g++ -c -g -O2  conftest.c >&5
clang: warning: treating 'c' input as 'c++' when in C++ mode, this behavior is deprecated
configure:11704: $? = 0
configure:11749: g++ -c -g -O2  conftest.c >&5
clang: warning: treating 'c' input as 'c++' when in C++ mode, this behavior is deprecated
configure:11749: $? = 0
configure:11767: g++ -c -g -O2  conftest.c >&5
clang: warning: treating 'c' input as 'c++' when in C++ mode, this behavior is deprecated
conftest.c:36:8: error: use of undeclared identifier 'big'
                 not big endian
                     ^
1 error generated.
configure:11767: $? = 1
configure: failed program was:
| /* confdefs.h */
| #define PACKAGE_NAME "leptonica"
| #define PACKAGE_TARNAME "leptonica"
| #define PACKAGE_VERSION "1.69"
| #define PACKAGE_STRING "leptonica 1.69"
| #define PACKAGE_BUGREPORT "dan.bloomberg@gmail.com"
| #define PACKAGE_URL ""
| #define STDC_HEADERS 1
| #define HAVE_SYS_TYPES_H 1
| #define HAVE_SYS_STAT_H 1
| #define HAVE_STDLIB_H 1
| #define HAVE_STRING_H 1
| #define HAVE_MEMORY_H 1
| #define HAVE_STRINGS_H 1
| #define HAVE_INTTYPES_H 1
| #define HAVE_STDINT_H 1
| #define HAVE_UNISTD_H 1
| #define HAVE_DLFCN_H 1
| #define LT_OBJDIR ".libs/"
| #define PACKAGE "leptonica"
| #define VERSION "1.69"
| #define HAVE_LIBZ 1
| #define HAVE_LIBPNG 1
| #define HAVE_LIBJPEG 1
| #define HAVE_LIBGIF 1
| #define HAVE_LIBTIFF 1
| #define HAVE_LIBWEBP 1
| /* end confdefs.h.  */
| #include <sys/types.h>
| 		#include <sys/param.h>
| 
| int
| main ()
| {
| #if BYTE_ORDER != BIG_ENDIAN
| 		 not big endian
| 		#endif
| 
|   ;
|   return 0;
| }
configure:11895: result: no
configure:11927: checking whether compiler supports -Wl,--as-needed
configure:11943: g++ -o conftest -g -O2  -Wl,--as-needed  conftest.c  >&5
clang: warning: treating 'c' input as 'c++' when in C++ mode, this behavior is deprecated
ld: unknown option: --as-needed
clang: error: linker command failed with exit code 1 (use -v to see invocation)
configure:11943: $? = 1
configure: failed program was:
| /* confdefs.h */
| #define PACKAGE_NAME "leptonica"
| #define PACKAGE_TARNAME "leptonica"
| #define PACKAGE_VERSION "1.69"
| #define PACKAGE_STRING "leptonica 1.69"
| #define PACKAGE_BUGREPORT "dan.bloomberg@gmail.com"
| #define PACKAGE_URL ""
| #define STDC_HEADERS 1
| #define HAVE_SYS_TYPES_H 1
| #define HAVE_SYS_STAT_H 1
| #define HAVE_STDLIB_H 1
| #define HAVE_STRING_H 1
| #define HAVE_MEMORY_H 1
| #define HAVE_STRINGS_H 1
| #define HAVE_INTTYPES_H 1
| #define HAVE_STDINT_H 1
| #define HAVE_UNISTD_H 1
| #define HAVE_DLFCN_H 1
| #define LT_OBJDIR ".libs/"
| #define PACKAGE "leptonica"
| #define VERSION "1.69"
| #define HAVE_LIBZ 1
| #define HAVE_LIBPNG 1
| #define HAVE_LIBJPEG 1
| #define HAVE_LIBGIF 1
| #define HAVE_LIBTIFF 1
| #define HAVE_LIBWEBP 1
| /* end confdefs.h.  */
| 
| int
| main ()
| {
| 
|   ;
|   return 0;
| }
configure:11947: result: no
configure:11957: checking for fmemopen
configure:11957: g++ -o conftest -g -O2   conftest.c  >&5
clang: warning: treating 'c' input as 'c++' when in C++ mode, this behavior is deprecated
Undefined symbols for architecture x86_64:
  "_fmemopen", referenced from:
      _main in conftest-COpnlX.o
ld: symbol(s) not found for architecture x86_64
clang: error: linker command failed with exit code 1 (use -v to see invocation)
configure:11957: $? = 1
configure: failed program was:
| /* confdefs.h */
| #define PACKAGE_NAME "leptonica"
| #define PACKAGE_TARNAME "leptonica"
| #define PACKAGE_VERSION "1.69"
| #define PACKAGE_STRING "leptonica 1.69"
| #define PACKAGE_BUGREPORT "dan.bloomberg@gmail.com"
| #define PACKAGE_URL ""
| #define STDC_HEADERS 1
| #define HAVE_SYS_TYPES_H 1
| #define HAVE_SYS_STAT_H 1
| #define HAVE_STDLIB_H 1
| #define HAVE_STRING_H 1
| #define HAVE_MEMORY_H 1
| #define HAVE_STRINGS_H 1
| #define HAVE_INTTYPES_H 1
| #define HAVE_STDINT_H 1
| #define HAVE_UNISTD_H 1
| #define HAVE_DLFCN_H 1
| #define LT_OBJDIR ".libs/"
| #define PACKAGE "leptonica"
| #define VERSION "1.69"
| #define HAVE_LIBZ 1
| #define HAVE_LIBPNG 1
| #define HAVE_LIBJPEG 1
| #define HAVE_LIBGIF 1
| #define HAVE_LIBTIFF 1
| #define HAVE_LIBWEBP 1
| /* end confdefs.h.  */
| /* Define fmemopen to an innocuous variant, in case <limits.h> declares fmemopen.
|    For example, HP-UX 11i <limits.h> declares gettimeofday.  */
| #define fmemopen innocuous_fmemopen
| 
| /* System header to define __stub macros and hopefully few prototypes,
|     which can conflict with char fmemopen (); below.
|     Prefer <limits.h> to <assert.h> if __STDC__ is defined, since
|     <limits.h> exists even on freestanding compilers.  */
| 
| #ifdef __STDC__
| # include <limits.h>
| #else
| # include <assert.h>
| #endif
| 
| #undef fmemopen
| 
| /* Override any GCC internal prototype to avoid an error.
|    Use char because int might match the return type of a GCC
|    builtin and then its argument prototype would still apply.  */
| #ifdef __cplusplus
| extern "C"
| #endif
| char fmemopen ();
| /* The GNU C library defines this for functions which it implements
|     to always fail with ENOSYS.  Some functions are actually named
|     something starting with __ and the normal name is an alias.  */
| #if defined __stub_fmemopen || defined __stub___fmemopen
| choke me
| #endif
| 
| int
| main ()
| {
| return fmemopen ();
|   ;
|   return 0;
| }
configure:11957: result: no
configure:12092: creating ./config.status

## ---------------------- ##
## Running config.status. ##
## ---------------------- ##

This file was extended by leptonica config.status 1.69, which was
generated by GNU Autoconf 2.65.  Invocation command line was

  CONFIG_FILES    = 
  CONFIG_HEADERS  = 
  CONFIG_LINKS    = 
  CONFIG_COMMANDS = 
  $ ./config.status 

on Dimuthus-MacBook-Pro.local

config.status:1080: creating Makefile
config.status:1080: creating src/endianness.h
config.status:1080: creating src/Makefile
config.status:1080: creating prog/Makefile
config.status:1080: creating config_auto.h
config.status:1300: executing libtool commands
config.status:1300: executing depfiles commands

## ---------------- ##
## Cache variables. ##
## ---------------- ##

ac_cv_build=i386-apple-darwin13.1.0
ac_cv_c_bigendian=no
ac_cv_c_compiler_gnu=yes
ac_cv_env_CC_set=set
ac_cv_env_CC_value=g++
ac_cv_env_CFLAGS_set=
ac_cv_env_CFLAGS_value=
ac_cv_env_CPPFLAGS_set=
ac_cv_env_CPPFLAGS_value=
ac_cv_env_CPP_set=
ac_cv_env_CPP_value=
ac_cv_env_LDFLAGS_set=
ac_cv_env_LDFLAGS_value=
ac_cv_env_LIBS_set=
ac_cv_env_LIBS_value=
ac_cv_env_build_alias_set=
ac_cv_env_build_alias_value=
ac_cv_env_host_alias_set=
ac_cv_env_host_alias_value=
ac_cv_env_target_alias_set=
ac_cv_env_target_alias_value=
ac_cv_func_fmemopen=no
ac_cv_header_dlfcn_h=yes
ac_cv_header_inttypes_h=yes
ac_cv_header_memory_h=yes
ac_cv_header_stdc=yes
ac_cv_header_stdint_h=yes
ac_cv_header_stdlib_h=yes
ac_cv_header_string_h=yes
ac_cv_header_strings_h=yes
ac_cv_header_sys_stat_h=yes
ac_cv_header_sys_types_h=yes
ac_cv_header_unistd_h=yes
ac_cv_host=i386-apple-darwin13.1.0
ac_cv_lib_gif_DGifOpenFileHandle=yes
ac_cv_lib_jpeg_jpeg_read_scanlines=yes
ac_cv_lib_png_png_read_png=yes
ac_cv_lib_tiff_TIFFOpen=yes
ac_cv_lib_webp_WebPGetInfo=yes
ac_cv_lib_z_deflate=yes
ac_cv_objext=o
ac_cv_path_EGREP='/usr/bin/grep -E'
ac_cv_path_FGREP='/usr/bin/grep -F'
ac_cv_path_GREP=/usr/bin/grep
ac_cv_path_SED=/usr/bin/sed
ac_cv_path_install='/usr/bin/install -c'
ac_cv_prog_AWK=awk
ac_cv_prog_CPP='g++ -E'
ac_cv_prog_ac_ct_AR=ar
ac_cv_prog_ac_ct_CC=g++
ac_cv_prog_ac_ct_DSYMUTIL=dsymutil
ac_cv_prog_ac_ct_LIPO=lipo
ac_cv_prog_ac_ct_NMEDIT=nmedit
ac_cv_prog_ac_ct_OTOOL=otool
ac_cv_prog_ac_ct_RANLIB=ranlib
ac_cv_prog_ac_ct_STRIP=strip
ac_cv_prog_cc_c89=no
ac_cv_prog_cc_g=yes
ac_cv_prog_make_make_set=yes
ac_cv_type_size_t=yes
am_cv_CC_dependencies_compiler_type=gcc3
lt_cv_apple_cc_single_mod=no
lt_cv_deplibs_check_method=pass_all
lt_cv_file_magic_cmd='$MAGIC_CMD'
lt_cv_file_magic_test_file=
lt_cv_ld_exported_symbols_list=yes
lt_cv_ld_reload_flag=-r
lt_cv_nm_interface='BSD nm'
lt_cv_objdir=.libs
lt_cv_path_LD=/Applications/Xcode.app/Contents/Developer/Toolchains/OSX10.8.xctoolchain/usr/bin/ld
lt_cv_path_NM=/usr/bin/nm
lt_cv_prog_compiler_c_o=yes
lt_cv_prog_compiler_pic_works=yes
lt_cv_prog_compiler_rtti_exceptions=yes
lt_cv_prog_compiler_static_works=no
lt_cv_prog_gnu_ld=no
lt_cv_sys_global_symbol_pipe='sed -n -e '\''s/^.*[	 ]\([BCDEGRST][BCDEGRST]*\)[	 ][	 ]*_\([_A-Za-z][_A-Za-z0-9]*\)$/\1 _\2 \2/p'\'''
lt_cv_sys_global_symbol_to_c_name_address='sed -n -e '\''s/^: \([^ ]*\) $/  {\"\1\", (void *) 0},/p'\'' -e '\''s/^[BCDEGRST]* \([^ ]*\) \([^ ]*\)$/  {"\2", (void *) \&\2},/p'\'''
lt_cv_sys_global_symbol_to_c_name_address_lib_prefix='sed -n -e '\''s/^: \([^ ]*\) $/  {\"\1\", (void *) 0},/p'\'' -e '\''s/^[BCDEGRST]* \([^ ]*\) \(lib[^ ]*\)$/  {"\2", (void *) \&\2},/p'\'' -e '\''s/^[BCDEGRST]* \([^ ]*\) \([^ ]*\)$/  {"lib\2", (void *) \&\2},/p'\'''
lt_cv_sys_global_symbol_to_cdecl='sed -n -e '\''s/^T .* \(.*\)$/extern int \1();/p'\'' -e '\''s/^[BCDEGRST]* .* \(.*\)$/extern char \1;/p'\'''
lt_cv_sys_max_cmd_len=196608

## ----------------- ##
## Output variables. ##
## ----------------- ##

ACLOCAL='${SHELL} /Users/dimuthuupeksha/Documents/Academic/Tesseract-API/src/main/native/src/leptonica/src/config/missing --run aclocal-1.11'
AMDEPBACKSLASH='\'
AMDEP_FALSE='#'
AMDEP_TRUE=''
AMTAR='${SHELL} /Users/dimuthuupeksha/Documents/Academic/Tesseract-API/src/main/native/src/leptonica/src/config/missing --run tar'
APPLE_UNIVERSAL_BUILD='0'
AR='ar'
AUTOCONF='${SHELL} /Users/dimuthuupeksha/Documents/Academic/Tesseract-API/src/main/native/src/leptonica/src/config/missing --run autoconf'
AUTOHEADER='${SHELL} /Users/dimuthuupeksha/Documents/Academic/Tesseract-API/src/main/native/src/leptonica/src/config/missing --run autoheader'
AUTOMAKE='${SHELL} /Users/dimuthuupeksha/Documents/Academic/Tesseract-API/src/main/native/src/leptonica/src/config/missing --run automake-1.11'
AWK='awk'
CC='g++'
CCDEPMODE='depmode=gcc3'
CFLAGS='-g -O2'
CPP='g++ -E'
CPPFLAGS=''
CYGPATH_W='echo'
DEFS='-DHAVE_CONFIG_H'
DEPDIR='.deps'
DSYMUTIL='dsymutil'
DUMPBIN=''
ECHO_C='\c'
ECHO_N=''
ECHO_T=''
EGREP='/usr/bin/grep -E'
ENABLE_PROGRAMS_FALSE='#'
ENABLE_PROGRAMS_TRUE=''
ENDIANNESS='L_LITTLE_ENDIAN'
EXEEXT=''
FGREP='/usr/bin/grep -F'
GDI_LIBS=''
GIFLIB_LIBS='-lgif'
GREP='/usr/bin/grep'
INSTALL_DATA='${INSTALL} -m 644'
INSTALL_PROGRAM='${INSTALL}'
INSTALL_SCRIPT='${INSTALL}'
INSTALL_STRIP_PROGRAM='$(install_sh) -c -s'
JPEG_LIBS='-ljpeg'
LD='/Applications/Xcode.app/Contents/Developer/Toolchains/OSX10.8.xctoolchain/usr/bin/ld'
LDFLAGS=''
LIBM=''
LIBOBJS=''
LIBPNG_LIBS='-lpng'
LIBS=''
LIBTIFF_LIBS='-ltiff'
LIBTOOL='$(SHELL) $(top_builddir)/libtool'
LIBWEBP_LIBS='-lwebp'
LIPO='lipo'
LN_S='ln -s'
LTLIBOBJS=''
MAKEINFO='${SHELL} /Users/dimuthuupeksha/Documents/Academic/Tesseract-API/src/main/native/src/leptonica/src/config/missing --run makeinfo'
MKDIR_P='config/install-sh -c -d'
NM='/usr/bin/nm'
NMEDIT='nmedit'
OBJDUMP='false'
OBJEXT='o'
OTOOL64=':'
OTOOL='otool'
PACKAGE='leptonica'
PACKAGE_BUGREPORT='dan.bloomberg@gmail.com'
PACKAGE_NAME='leptonica'
PACKAGE_STRING='leptonica 1.69'
PACKAGE_TARNAME='leptonica'
PACKAGE_URL=''
PACKAGE_VERSION='1.69'
PATH_SEPARATOR=':'
RANLIB='ranlib'
SED='/usr/bin/sed'
SET_MAKE=''
SHELL='/bin/sh'
STRIP='strip'
VERSION='1.69'
ZLIB_LIBS='-lz'
ac_ct_CC='g++'
ac_ct_DUMPBIN=''
am__EXEEXT_FALSE=''
am__EXEEXT_TRUE='#'
am__fastdepCC_FALSE='#'
am__fastdepCC_TRUE=''
am__include='include'
am__isrc=''
am__leading_dot='.'
am__quote=''
am__tar='${AMTAR} chof - "$$tardir"'
am__untar='${AMTAR} xf -'
bindir='${exec_prefix}/bin'
build='i386-apple-darwin13.1.0'
build_alias=''
build_cpu='i386'
build_os='darwin13.1.0'
build_vendor='apple'
datadir='${datarootdir}'
datarootdir='${prefix}/share'
docdir='${datarootdir}/doc/${PACKAGE_TARNAME}'
dvidir='${docdir}'
exec_prefix='${prefix}'
host='i386-apple-darwin13.1.0'
host_alias=''
host_cpu='i386'
host_os='darwin13.1.0'
host_vendor='apple'
htmldir='${docdir}'
includedir='${prefix}/include'
infodir='${datarootdir}/info'
install_sh='${SHELL} /Users/dimuthuupeksha/Documents/Academic/Tesseract-API/src/main/native/src/leptonica/src/config/install-sh'
libdir='${exec_prefix}/lib'
libexecdir='${exec_prefix}/libexec'
localedir='${datarootdir}/locale'
localstatedir='${prefix}/var'
lt_ECHO='/bin/echo'
mandir='${datarootdir}/man'
mkdir_p='$(top_builddir)/config/install-sh -c -d'
oldincludedir='/usr/include'
pdfdir='${docdir}'
prefix='/usr/local'
program_transform_name='s,x,x,'
psdir='${docdir}'
sbindir='${exec_prefix}/sbin'
sharedstatedir='${prefix}/com'
sysconfdir='${prefix}/etc'
target_alias=''

## ----------- ##
## confdefs.h. ##
## ----------- ##

/* confdefs.h */
#define PACKAGE_NAME "leptonica"
#define PACKAGE_TARNAME "leptonica"
#define PACKAGE_VERSION "1.69"
#define PACKAGE_STRING "leptonica 1.69"
#define PACKAGE_BUGREPORT "dan.bloomberg@gmail.com"
#define PACKAGE_URL ""
#define STDC_HEADERS 1
#define HAVE_SYS_TYPES_H 1
#define HAVE_SYS_STAT_H 1
#define HAVE_STDLIB_H 1
#define HAVE_STRING_H 1
#define HAVE_MEMORY_H 1
#define HAVE_STRINGS_H 1
#define HAVE_INTTYPES_H 1
#define HAVE_STDINT_H 1
#define HAVE_UNISTD_H 1
#define HAVE_DLFCN_H 1
#define LT_OBJDIR ".libs/"
#define PACKAGE "leptonica"
#define VERSION "1.69"
#define HAVE_LIBZ 1
#define HAVE_LIBPNG 1
#define HAVE_LIBJPEG 1
#define HAVE_LIBGIF 1
#define HAVE_LIBTIFF 1
#define HAVE_LIBWEBP 1

configure: exit 0
